time,elapsed_seconds,message
10:28:03,4.98e-05,PEST++ performance logger started
10:28:03,0.0024282,starting to process control file
10:28:03,0.0238084,finished processing control file
10:28:03,0.009601,initializing
10:28:03,0.0005802,using glm algorithm
10:28:03,0.0003197,using REDSVD for truncated svd solve
10:28:03,0.0003234,maxsing: 10000000
10:28:03,0.0003166,eigthresh:  1e-06
10:28:03,0.0003576,initializing localizer
10:28:03,0.0003242,not using localization
10:28:03,0.0003267,using lambda multipliers: 
10:28:03,0.0003234,using lambda scaling factors: 
10:28:03,0.0003219,acceptable phi factor:  1.05
10:28:03,0.0003217,lambda increase factor:  10
10:28:03,0.0003169,lambda decrease factor:  0.75
10:28:03,0.0004941,max run fail:  1
10:28:03,0.0030844,sanity_check warnings
10:28:03,0.0003268,noptmax > 10, don't expect anything meaningful from the results!
10:28:03,0.0003196,continuing initialization...
10:28:03,0.0003211,initializing prior parameter covariance matrix
10:28:03,7.1e-06,initializing parcov
10:28:03,0.0003208,parcov loaded  from parameter bounds, using par_sigma_range 4
10:28:03,0.0003202,initializing observation noise covariance matrix
10:28:03,0.0003001,obscov loaded  from observation weights
10:28:03,0.0003013,using reg_factor:  0
10:28:03,0.0003189,drawing parameter realizations:  100
10:28:03,4.02e-05,parameters not grouped by parameter groups, reordering par ensemble
10:28:03,0.0003086,making standard normal draws
10:28:03,6.6e-05,scaling by std
10:28:03,1.58e-05,checking realization for invalid values
10:28:03,7.05e-05,resizing reals matrix
10:28:03,1.02e-05,filling reals matrix and adding mean values
10:28:03,0.0002028,not using prior parameter covariance matrix scaling
10:28:03,0.0003209,drawing observation noise realizations:  100
10:28:03,0.0001663,making standard normal draws
10:28:03,0.0004115,scaling by std
10:28:03,1.44e-05,checking realization for invalid values
10:28:03,0.0001392,resizing reals matrix
10:28:03,5.32e-05,filling reals matrix and adding mean values
10:28:03,0.0005982,setting weights ensemble from control file weights
10:28:03,0.0482396,saved weight ensemble to  alb_rw_ies.weights.csv
10:28:03,1.8e-05,checking for denormal values in weights ensemble
10:28:03,0.0004602,adding 'base' parameter values to ensemble
10:28:03,0.000461,adding 'base' observation values to ensemble
10:28:03,0.0004336,adding 'base' weight values to weight ensemble
10:28:03,0.0002268,checking for denormal values in pe
10:28:03,0.0025826,saved initial parameter ensemble to  alb_rw_ies.0.par.csv
10:28:03,1.46e-05,checking for denormal values in obs + noise ensemble
10:28:03,0.0394459,saved obs+noise observation ensemble (obsval + noise realizations) to  alb_rw_ies.obs+noise.csv
10:28:03,0.0004887,using subset in lambda testing, number of realizations used in subset testing:  4
10:28:03,0.0004423,subset how:  RANDOM
10:28:03,0.0004552,centering on ensemble mean vector
10:28:03,1.54e-05,running initial ensemble
10:28:03,0.0004362,running initial ensemble of size 100
10:28:03,1.62e-05,queuing 100 runs
10:28:04,0.828634,making runs
10:31:01,176.78,processing runs
10:31:01,0.0044663,the following par:obs realization runs failed: 77:77,78:78,79:79,80:80,81:81,82:82,83:83,84:84,85:85,86:86,87:87,88:88,89:89,90:90,91:91,92:92,93:93,94:94,95:95,96:96,97:97,98:98,BASE:BASE,
10:31:01,1.66e-05,dropping failed realizations
10:31:01,0.0011854,the following 23 par:obs realization runs failed during evaluation of the initial parameter ensemble:
77:77
78:78
79:79
80:80
81:81
82:82
83:83
84:84
85:85
86:86
87:87
88:88
89:89
90:90
91:91
92:92
93:93
94:94
95:95
96:96
97:97
98:98
BASE:BASE

10:31:01,0.0402025,saved initial obs ensemble to alb_rw_ies.0.obs.csv
10:31:01,6.26e-05,calc pre-drop phi
10:31:01,0.0025365,pre-drop initial phi summary
10:31:01,0.0056258,checking for prior-data conflict...
10:31:01,0.0820704,WARNING: 17 non-zero weighted observations are in conflict with the prior simulated ensemble.

10:31:01,0.0019275,  WARNING: Prior-data conflict detected.  Continuing with IES parameter
           adjustment will likely result in parameter and forecast bias.
           Consider using 'ies_drop_conflicts' as a quick fix.
10:31:01,0.23999,saved adjusted weight ensemble to  alb_rw_ies.adjusted.weights.csv
10:31:01,2.94e-05,calc initial phi
10:31:01,0.0023512,initial phi summary
10:31:02,0.338639,current lambda: 1
10:31:02,0.0011445,initialization complete
10:31:02,0.0010681,starting solve for iteration: 1
10:31:02,1.64e-05,starting solve for iteration: 1
10:31:02,0.0005459,current lambda:  1
10:31:02,2.26e-05,reordering variables in pe
10:31:02,0.0001562,preparing EnsembleSolver
10:31:02,0.0005029,starting calcs for glm factor 0.1
10:31:02,2.35e-05,see .log file for more details
10:31:02,0.0114143,finished calcs for: 0.1
10:31:02,0.0005643,starting calcs for glm factor 1
10:31:02,2.25e-05,see .log file for more details
10:31:02,0.0110527,finished calcs for: 1
10:31:02,0.0004519,starting calcs for glm factor 10
10:31:02,1.13e-05,see .log file for more details
10:31:02,0.0070511,finished calcs for: 10
10:31:02,0.0007195,running upgrade ensembles
10:31:02,1.13e-05,queuing 9 ensembles
10:31:02,0.0008628,subset idx:pe real name:  14:14, 24:24, 52:52, 64:64, 
10:31:02,0.0002907,subset idx:oe real name:  14:14, 24:24, 52:52, 64:64, 
10:31:10,8.02486,making runs
10:37:13,363.778,processing runs
10:37:13,0.0086543,evaluating upgrade ensembles
10:37:13,0.0007023,last mean:  2710.15
10:37:13,0.0007138,last stdev:  351.598
10:37:13,0.0014212,phi summary for lambda, scale fac:
10:37:13,0.0014162,phi summary for lambda, scale fac:
10:37:13,0.0013808,phi summary for lambda, scale fac:
10:37:13,0.0013993,phi summary for lambda, scale fac:
10:37:13,0.0014256,phi summary for lambda, scale fac:
10:37:13,0.0008695,phi summary for lambda, scale fac:
10:37:13,0.0006774,phi summary for lambda, scale fac:
10:37:13,0.0006883,phi summary for lambda, scale fac:
10:37:13,0.0006732,phi summary for lambda, scale fac:
10:37:13,0.0007829,phi summary for best lambda, scale fac: 
10:37:13,0.0058657,running remaining realizations for best lambda, scale:
10:37:13,1.01e-05,dropping subset idxs from remaining_pe_lam
10:37:13,4.01e-05,dropping subset idxs from remaining_oe_lam
10:37:13,8.09e-05,queuing 73 runs
10:37:18,4.60833,making runs
10:45:54,515.561,processing runs
10:45:54,0.0047876,assembling ensembles
10:45:54,0.0011932,updating phi
10:45:54,0.0016322,phi summary for entire ensemble using lambda,scale_fac 
10:45:54,0.0081924,last best mean phi * acceptable phi factor:  2845.66
10:45:54,0.0004175,current best mean phi:  2212.67
10:45:54,0.0007311,updating parameter ensemble
10:45:54,9e-06,updating parameter ensemble
10:45:54,0.0007195,updating lambda to  7.5
10:45:54,0.404257,phi-based termination criteria check
10:45:54,0.0004228,phiredstp:  0.01
10:45:54,0.0003981,nphistp:  3
10:45:54,0.0003878,nphinored (also used for consecutive bad lambda cycles):  3
10:45:54,0.0003814,best mean phi sequence: 
10:45:54,0.0003833,best phi yet:  2212.67
10:45:54,0.000384,number of consecutive bad lambda testing cycles:  0
10:45:54,0.0003857,number of iterations satisfying phiredstp criteria:  1
10:45:54,0.0003839,number of iterations since best yet mean phi:  0
10:45:54,0.0007275,starting solve for iteration: 2
10:45:54,1.06e-05,starting solve for iteration: 2
10:45:54,0.0003722,current lambda:  7.5
10:45:54,1.05e-05,reordering variables in pe
10:45:54,0.0001144,preparing EnsembleSolver
10:45:54,0.0002913,starting calcs for glm factor 0.75
10:45:54,1.23e-05,see .log file for more details
10:45:54,0.0070803,finished calcs for: 0.75
10:45:54,0.0004034,starting calcs for glm factor 7.5
10:45:54,1.51e-05,see .log file for more details
10:45:54,0.0071335,finished calcs for: 7.5
10:45:54,0.0003946,starting calcs for glm factor 75
10:45:54,1.11e-05,see .log file for more details
10:45:54,0.0070155,finished calcs for: 75
10:45:54,0.0027697,running upgrade ensembles
10:45:54,1.16e-05,queuing 9 ensembles
10:45:54,0.0008499,subset idx:pe real name:  10:6, 14:10, 45:43, 76:76, 
10:45:54,0.0003988,subset idx:oe real name:  10:6, 14:10, 45:43, 76:76, 
10:45:57,2.99187,making runs
10:52:22,385.104,processing runs
10:52:22,0.0103296,evaluating upgrade ensembles
10:52:22,0.002711,last mean:  2212.67
10:52:22,0.0007054,last stdev:  286.527
10:52:22,0.0015963,phi summary for lambda, scale fac:
10:52:22,0.0015536,phi summary for lambda, scale fac:
10:52:22,0.0015486,phi summary for lambda, scale fac:
10:52:22,0.0015345,phi summary for lambda, scale fac:
10:52:22,0.0015456,phi summary for lambda, scale fac:
10:52:22,0.0014979,phi summary for lambda, scale fac:
10:52:22,0.0015259,phi summary for lambda, scale fac:
10:52:22,0.0014108,phi summary for lambda, scale fac:
10:52:22,0.000643,phi summary for lambda, scale fac:
10:52:22,0.0006473,phi summary for best lambda, scale fac: 
10:52:22,0.0047876,running remaining realizations for best lambda, scale:
10:52:22,7.7e-06,dropping subset idxs from remaining_pe_lam
10:52:22,3.65e-05,dropping subset idxs from remaining_oe_lam
10:52:22,8.81e-05,queuing 73 runs
10:52:34,11.4264,making runs
10:59:26,412.132,processing runs
10:59:26,0.0041289,assembling ensembles
10:59:26,0.0010804,updating phi
10:59:26,0.0016387,phi summary for entire ensemble using lambda,scale_fac 
10:59:26,0.0094345,last best mean phi * acceptable phi factor:  2323.3
10:59:26,0.0004323,current best mean phi:  2071.73
10:59:26,0.0010718,updating parameter ensemble
10:59:26,6.8e-06,updating parameter ensemble
10:59:26,0.0007279,updating lambda to  56.25
10:59:35,8.89615,phi-based termination criteria check
10:59:35,0.0003995,phiredstp:  0.01
10:59:35,0.000427,nphistp:  3
10:59:35,0.0003942,nphinored (also used for consecutive bad lambda cycles):  3
10:59:35,0.0003886,best mean phi sequence: 
10:59:35,0.0003865,best phi yet:  2071.73
10:59:35,0.0003908,number of consecutive bad lambda testing cycles:  0
10:59:35,0.0003904,number of iterations satisfying phiredstp criteria:  1
10:59:35,0.0003868,number of iterations since best yet mean phi:  0
10:59:35,0.0007346,starting solve for iteration: 3
10:59:35,1.44e-05,starting solve for iteration: 3
10:59:35,0.0003811,current lambda:  56.25
10:59:35,1.24e-05,reordering variables in pe
10:59:35,0.000151,preparing EnsembleSolver
10:59:35,0.002771,starting calcs for glm factor 5.625
10:59:35,1.77e-05,see .log file for more details
10:59:35,0.0113729,finished calcs for: 5.625
10:59:35,0.0005138,starting calcs for glm factor 56.25
10:59:35,1.69e-05,see .log file for more details
10:59:35,0.0085758,finished calcs for: 56.25
10:59:35,0.0005166,starting calcs for glm factor 562.5
10:59:35,1.07e-05,see .log file for more details
10:59:35,0.0077717,finished calcs for: 562.5
10:59:35,0.0096241,running upgrade ensembles
10:59:35,1.3e-05,queuing 9 ensembles
10:59:35,0.0009325,subset idx:pe real name:  25:20, 42:38, 45:41, 47:44, 
10:59:35,0.0004039,subset idx:oe real name:  25:20, 42:38, 45:41, 47:44, 
10:59:38,2.9149,making runs
11:04:19,281.08,processing runs
11:04:19,0.0079318,evaluating upgrade ensembles
11:04:19,0.0007332,last mean:  2071.73
11:04:19,0.0026296,last stdev:  231.987
11:04:19,0.0012243,phi summary for lambda, scale fac:
11:04:19,0.0011833,phi summary for lambda, scale fac:
11:04:19,0.0011467,phi summary for lambda, scale fac:
11:04:19,0.0011602,phi summary for lambda, scale fac:
11:04:19,0.0011752,phi summary for lambda, scale fac:
11:04:19,0.0011305,phi summary for lambda, scale fac:
11:04:19,0.0011341,phi summary for lambda, scale fac:
11:04:19,0.0011284,phi summary for lambda, scale fac:
11:04:19,0.0011328,phi summary for lambda, scale fac:
11:04:19,0.0011125,phi summary for best lambda, scale fac: 
11:04:19,0.0133277,running remaining realizations for best lambda, scale:
11:04:19,8.3e-06,dropping subset idxs from remaining_pe_lam
11:04:19,4.04e-05,dropping subset idxs from remaining_oe_lam
11:04:19,7.86e-05,queuing 73 runs
11:04:25,6.14394,making runs
11:09:57,332.455,processing runs
11:09:57,0.0043806,assembling ensembles
11:09:57,0.0012009,updating phi
11:09:57,0.0014603,phi summary for entire ensemble using lambda,scale_fac 
11:09:57,0.0105848,last best mean phi * acceptable phi factor:  2175.32
11:09:57,0.0057628,current best mean phi:  2028.31
11:09:57,0.0014442,updating parameter ensemble
11:09:57,1.31e-05,updating parameter ensemble
11:09:57,0.0014084,updating lambda to  42.1875
11:10:06,8.15084,phi-based termination criteria check
11:10:06,0.0037398,phiredstp:  0.01
11:10:06,0.0039481,nphistp:  3
11:10:06,0.0004492,nphinored (also used for consecutive bad lambda cycles):  3
11:10:06,0.0004416,best mean phi sequence: 
11:10:06,0.0004154,best phi yet:  2028.31
11:10:06,0.0007041,number of consecutive bad lambda testing cycles:  0
11:10:06,0.0004234,number of iterations satisfying phiredstp criteria:  1
11:10:06,0.0004263,number of iterations since best yet mean phi:  0
11:10:06,0.0007833,starting solve for iteration: 4
11:10:06,1.62e-05,starting solve for iteration: 4
11:10:06,0.0003967,current lambda:  42.1875
11:10:06,1.51e-05,reordering variables in pe
11:10:06,0.000186,preparing EnsembleSolver
11:10:06,0.0004556,starting calcs for glm factor 4.21875
11:10:06,2.09e-05,see .log file for more details
11:10:06,0.0131616,finished calcs for: 4.21875
11:10:06,0.0032732,starting calcs for glm factor 42.1875
11:10:06,1.8e-05,see .log file for more details
11:10:06,0.0130383,finished calcs for: 42.1875
11:10:06,0.0004172,starting calcs for glm factor 421.875
11:10:06,1.78e-05,see .log file for more details
11:10:06,0.0075834,finished calcs for: 421.875
11:10:06,0.0008214,running upgrade ensembles
11:10:06,8.5e-06,queuing 9 ensembles
11:10:06,0.0009076,subset idx:pe real name:  7:76, 20:9, 33:26, 59:57, 
11:10:06,0.0004169,subset idx:oe real name:  7:76, 20:9, 33:26, 59:57, 
11:10:09,3.18384,making runs
11:13:30,200.905,processing runs
11:13:30,0.0088256,evaluating upgrade ensembles
11:13:30,0.0007325,last mean:  2028.31
11:13:30,0.0029142,last stdev:  197.539
11:13:30,0.0014167,phi summary for lambda, scale fac:
11:13:30,0.0013578,phi summary for lambda, scale fac:
11:13:30,0.0013202,phi summary for lambda, scale fac:
11:13:30,0.0013039,phi summary for lambda, scale fac:
11:13:30,0.0013351,phi summary for lambda, scale fac:
11:13:30,0.0012971,phi summary for lambda, scale fac:
11:13:30,0.0012857,phi summary for lambda, scale fac:
11:13:30,0.0012899,phi summary for lambda, scale fac:
11:13:30,0.0012889,phi summary for lambda, scale fac:
11:13:30,0.0011576,phi summary for best lambda, scale fac: 
11:13:30,0.0064119,running remaining realizations for best lambda, scale:
11:13:30,7.8e-06,dropping subset idxs from remaining_pe_lam
11:13:30,3.71e-05,dropping subset idxs from remaining_oe_lam
11:13:30,7.89e-05,queuing 73 runs
11:13:50,20.4173,making runs
11:18:19,268.958,processing runs
11:18:19,0.0044565,assembling ensembles
11:18:19,0.0011472,updating phi
11:18:19,0.0015532,phi summary for entire ensemble using lambda,scale_fac 
11:18:19,0.0095647,last best mean phi * acceptable phi factor:  2129.72
11:18:19,0.0004172,current best mean phi:  2012.32
11:18:19,0.0010818,updating parameter ensemble
11:18:19,6.7e-06,updating parameter ensemble
11:18:19,0.0010391,updating lambda to  31.6406
11:18:19,0.114426,phi-based termination criteria check
11:18:19,0.0005839,phiredstp:  0.01
11:18:19,0.0032747,nphistp:  3
11:18:19,0.0042591,nphinored (also used for consecutive bad lambda cycles):  3
11:18:19,0.0005375,best mean phi sequence: 
11:18:19,0.0004589,best phi yet:  2012.32
11:18:19,0.0004117,number of consecutive bad lambda testing cycles:  0
11:18:19,0.0004151,number of iterations satisfying phiredstp criteria:  2
11:18:19,0.0004127,number of iterations since best yet mean phi:  0
11:18:19,0.0007717,starting solve for iteration: 5
11:18:19,8.4e-06,starting solve for iteration: 5
11:18:19,0.0003945,current lambda:  31.6406
11:18:19,7.9e-06,reordering variables in pe
11:18:19,9.95e-05,preparing EnsembleSolver
11:18:19,0.0003343,starting calcs for glm factor 3.16406
11:18:19,4.95e-05,see .log file for more details
11:18:19,0.0072387,finished calcs for: 3.16406
11:18:19,0.0004091,starting calcs for glm factor 31.6406
11:18:19,1.13e-05,see .log file for more details
11:18:19,0.007072,finished calcs for: 31.6406
11:18:19,0.000531,starting calcs for glm factor 316.406
11:18:19,1.07e-05,see .log file for more details
11:18:19,0.0070806,finished calcs for: 316.406
11:18:19,0.0076457,running upgrade ensembles
11:18:19,1.29e-05,queuing 9 ensembles
11:18:19,0.0011087,subset idx:pe real name:  3:57, 12:24, 52:48, 58:55, 
11:18:19,0.0004175,subset idx:oe real name:  3:57, 12:24, 52:48, 58:55, 
11:18:22,2.27397,making runs
11:21:34,192.096,processing runs
11:21:34,0.0089388,evaluating upgrade ensembles
11:21:34,0.0007303,last mean:  2012.32
11:21:34,0.0024546,last stdev:  193.267
11:21:34,0.0013931,phi summary for lambda, scale fac:
11:21:34,0.0013651,phi summary for lambda, scale fac:
11:21:34,0.001347,phi summary for lambda, scale fac:
11:21:34,0.0013169,phi summary for lambda, scale fac:
11:21:34,0.0013104,phi summary for lambda, scale fac:
11:21:34,0.0012918,phi summary for lambda, scale fac:
11:21:34,0.0012932,phi summary for lambda, scale fac:
11:21:34,0.0012947,phi summary for lambda, scale fac:
11:21:34,0.001293,phi summary for lambda, scale fac:
11:21:34,0.0011461,phi summary for best lambda, scale fac: 
11:21:34,0.0120709,running remaining realizations for best lambda, scale:
11:21:34,1.01e-05,dropping subset idxs from remaining_pe_lam
11:21:34,4.1e-05,dropping subset idxs from remaining_oe_lam
11:21:34,7.93e-05,queuing 73 runs
11:21:40,5.92655,making runs
11:27:09,329.694,processing runs
11:27:09,0.0044877,assembling ensembles
11:27:09,0.0012345,updating phi
11:27:09,0.001662,phi summary for entire ensemble using lambda,scale_fac 
11:27:09,0.0101032,last best mean phi * acceptable phi factor:  2112.94
11:27:09,0.0008132,current best mean phi:  1968.11
11:27:09,0.0014187,updating parameter ensemble
11:27:09,1.23e-05,updating parameter ensemble
11:27:09,0.0014012,updating lambda to  2.37305
11:27:09,0.0591683,phi-based termination criteria check
11:27:09,0.0005919,phiredstp:  0.01
11:27:09,0.0005936,nphistp:  3
11:27:09,0.0005993,nphinored (also used for consecutive bad lambda cycles):  3
11:27:09,0.0011389,best mean phi sequence: 
11:27:09,0.0005904,best phi yet:  1968.11
11:27:09,0.0005701,number of consecutive bad lambda testing cycles:  0
11:27:09,0.000565,number of iterations satisfying phiredstp criteria:  1
11:27:09,0.0005682,number of iterations since best yet mean phi:  0
11:27:09,0.0010838,starting solve for iteration: 6
11:27:09,8.6e-06,starting solve for iteration: 6
11:27:09,0.0021854,current lambda:  2.37305
11:27:09,8.4e-06,reordering variables in pe
11:27:09,9.75e-05,preparing EnsembleSolver
11:27:09,0.0036433,starting calcs for glm factor 0.237305
11:27:09,1.69e-05,see .log file for more details
11:27:09,0.0078339,finished calcs for: 0.237305
11:27:09,0.0004881,starting calcs for glm factor 2.37305
11:27:09,1.09e-05,see .log file for more details
11:27:09,0.0073844,finished calcs for: 2.37305
11:27:09,0.0003689,starting calcs for glm factor 23.7305
11:27:09,1.1e-05,see .log file for more details
11:27:09,0.0073184,finished calcs for: 23.7305
11:27:09,0.0008879,running upgrade ensembles
11:27:09,8.8e-06,queuing 9 ensembles
11:27:09,0.0006862,subset idx:pe real name:  30:17, 34:22, 50:42, 69:68, 
11:27:09,0.0003734,subset idx:oe real name:  30:17, 34:22, 50:42, 69:68, 
11:27:12,2.87755,making runs
11:31:27,254.426,processing runs
11:31:27,0.0079707,evaluating upgrade ensembles
11:31:27,0.0007354,last mean:  1968.11
11:31:27,0.0007397,last stdev:  152.915
11:31:27,0.001268,phi summary for lambda, scale fac:
11:31:27,0.0012082,phi summary for lambda, scale fac:
11:31:27,0.0007802,phi summary for lambda, scale fac:
11:31:27,0.0006471,phi summary for lambda, scale fac:
11:31:27,0.0006344,phi summary for lambda, scale fac:
11:31:27,0.0006302,phi summary for lambda, scale fac:
11:31:27,0.000637,phi summary for lambda, scale fac:
11:31:27,0.0006876,phi summary for lambda, scale fac:
11:31:27,0.0006378,phi summary for lambda, scale fac:
11:31:27,0.0007395,phi summary for best lambda, scale fac: 
11:31:27,0.0061058,running remaining realizations for best lambda, scale:
11:31:27,7.8e-06,dropping subset idxs from remaining_pe_lam
11:31:27,3.77e-05,dropping subset idxs from remaining_oe_lam
11:31:27,7.84e-05,queuing 73 runs
11:31:33,6.51279,making runs
11:35:55,261.573,processing runs
11:35:55,0.0043818,assembling ensembles
11:35:55,0.0011125,updating phi
11:35:55,0.0015402,phi summary for entire ensemble using lambda,scale_fac 
11:35:55,0.0095435,last best mean phi * acceptable phi factor:  2066.51
11:35:55,0.0007672,current best mean phi:  1908.55
11:35:55,0.0014202,updating parameter ensemble
11:35:55,1.24e-05,updating parameter ensemble
11:35:55,0.0014026,updating lambda to  0.177979
11:35:55,0.112766,phi-based termination criteria check
11:35:55,0.0006159,phiredstp:  0.01
11:35:55,0.0006226,nphistp:  3
11:35:55,0.0006292,nphinored (also used for consecutive bad lambda cycles):  3
11:35:55,0.0038069,best mean phi sequence: 
11:35:55,0.0042003,best phi yet:  1908.55
11:35:55,0.000462,number of consecutive bad lambda testing cycles:  0
11:35:55,0.0004631,number of iterations satisfying phiredstp criteria:  1
11:35:55,0.000413,number of iterations since best yet mean phi:  0
11:35:55,0.0010561,starting solve for iteration: 7
11:35:55,8.6e-06,starting solve for iteration: 7
11:35:55,0.0006798,current lambda:  0.177979
11:35:55,8.2e-06,reordering variables in pe
11:35:55,0.0001032,preparing EnsembleSolver
11:35:55,0.0003522,starting calcs for glm factor 0.0177979
11:35:55,1.17e-05,see .log file for more details
11:35:55,0.0072557,finished calcs for: 0.0177979
11:35:55,0.0004097,starting calcs for glm factor 0.177979
11:35:55,1.07e-05,see .log file for more details
11:35:55,0.0111065,finished calcs for: 0.177979
11:35:55,0.0005154,starting calcs for glm factor 1.77979
11:35:55,1.09e-05,see .log file for more details
11:35:55,0.0074277,finished calcs for: 1.77979
11:35:55,0.0028062,running upgrade ensembles
11:35:55,8.4e-06,queuing 9 ensembles
11:35:55,0.0008987,subset idx:pe real name:  22:1, 30:12, 34:18, 73:72, 
11:35:55,0.0004781,subset idx:oe real name:  22:1, 30:12, 34:18, 73:72, 
11:35:58,2.50097,making runs
11:38:53,175.589,processing runs
11:38:53,0.0115816,evaluating upgrade ensembles
11:38:53,0.0029674,last mean:  1908.55
11:38:53,0.0005581,last stdev:  102.935
11:38:53,0.0007323,phi summary for lambda, scale fac:
11:38:53,0.0006829,phi summary for lambda, scale fac:
11:38:53,0.0006671,phi summary for lambda, scale fac:
11:38:53,0.0006486,phi summary for lambda, scale fac:
11:38:53,0.0006504,phi summary for lambda, scale fac:
11:38:53,0.0006432,phi summary for lambda, scale fac:
11:38:53,0.0006522,phi summary for lambda, scale fac:
11:38:53,0.000641,phi summary for lambda, scale fac:
11:38:53,0.0006469,phi summary for lambda, scale fac:
11:38:53,0.0007678,phi summary for best lambda, scale fac: 
11:38:53,0.0083854,running remaining realizations for best lambda, scale:
11:38:53,9.9e-06,dropping subset idxs from remaining_pe_lam
11:38:53,3.85e-05,dropping subset idxs from remaining_oe_lam
11:38:53,8.11e-05,queuing 73 runs
11:39:00,7.31125,making runs
11:44:31,330.101,processing runs
11:44:31,0.0041454,assembling ensembles
11:44:31,0.0010353,updating phi
11:44:31,0.0013281,phi summary for entire ensemble using lambda,scale_fac 
11:44:31,0.0274088,last best mean phi * acceptable phi factor:  2003.97
11:44:31,0.0007672,current best mean phi:  1796.2
11:44:31,0.0014194,updating parameter ensemble
11:44:31,1.18e-05,updating parameter ensemble
11:44:31,0.0014136,updating lambda to  0.133484
11:44:31,0.1156,phi-based termination criteria check
11:44:31,0.0005694,phiredstp:  0.01
11:44:31,0.0005814,nphistp:  3
11:44:31,0.0005757,nphinored (also used for consecutive bad lambda cycles):  3
11:44:31,0.0011075,best mean phi sequence: 
11:44:31,0.0005704,best phi yet:  1796.2
11:44:31,0.0005749,number of consecutive bad lambda testing cycles:  0
11:44:31,0.0005779,number of iterations satisfying phiredstp criteria:  1
11:44:31,0.0005743,number of iterations since best yet mean phi:  0
11:44:31,0.0010981,starting solve for iteration: 8
11:44:31,1.03e-05,starting solve for iteration: 8
11:44:31,0.0005592,current lambda:  0.133484
11:44:31,9.1e-06,reordering variables in pe
11:44:31,0.0001012,preparing EnsembleSolver
11:44:31,0.0034474,starting calcs for glm factor 0.0133484
11:44:31,1.42e-05,see .log file for more details
11:44:31,0.0072913,finished calcs for: 0.0133484
11:44:31,0.0005142,starting calcs for glm factor 0.133484
11:44:31,1.08e-05,see .log file for more details
11:44:31,0.0072563,finished calcs for: 0.133484
11:44:31,0.0005165,starting calcs for glm factor 1.33484
11:44:31,1.05e-05,see .log file for more details
11:44:31,0.0072674,finished calcs for: 1.33484
11:44:31,0.0009815,running upgrade ensembles
11:44:31,8.3e-06,queuing 9 ensembles
11:44:31,0.0006981,subset idx:pe real name:  11:55, 23:52, 29:5, 75:74, 
11:44:31,0.0003855,subset idx:oe real name:  11:55, 23:52, 29:5, 75:74, 
11:44:33,2.0122,making runs
11:48:31,238.638,processing runs
11:48:31,0.0078861,evaluating upgrade ensembles
11:48:31,0.0007368,last mean:  1796.2
11:48:31,0.0007378,last stdev:  97.5936
11:48:31,0.0012518,phi summary for lambda, scale fac:
11:48:31,0.001207,phi summary for lambda, scale fac:
11:48:31,0.0009496,phi summary for lambda, scale fac:
11:48:31,0.0006437,phi summary for lambda, scale fac:
11:48:31,0.0006363,phi summary for lambda, scale fac:
11:48:31,0.000639,phi summary for lambda, scale fac:
11:48:31,0.0006357,phi summary for lambda, scale fac:
11:48:31,0.0006433,phi summary for lambda, scale fac:
11:48:31,0.000663,phi summary for lambda, scale fac:
11:48:31,0.0007727,phi summary for best lambda, scale fac: 
11:48:31,0.0033146,running remaining realizations for best lambda, scale:
11:48:31,8.1e-06,dropping subset idxs from remaining_pe_lam
11:48:31,3.75e-05,dropping subset idxs from remaining_oe_lam
11:48:31,7.05e-05,queuing 73 runs
11:48:38,6.3903,making runs
11:54:08,330.309,processing runs
11:54:08,0.0041502,assembling ensembles
11:54:08,0.0010775,updating phi
11:54:08,0.0013534,phi summary for entire ensemble using lambda,scale_fac 
11:54:08,0.009317,last best mean phi * acceptable phi factor:  1886.01
11:54:08,0.0005301,current best mean phi:  1767.67
11:54:08,0.0009095,updating parameter ensemble
11:54:08,6.7e-06,updating parameter ensemble
11:54:08,0.0007264,updating lambda to  1.00113
11:54:08,0.204018,phi-based termination criteria check
11:54:08,0.0007041,phiredstp:  0.01
11:54:08,0.0007088,nphistp:  3
11:54:08,0.000715,nphinored (also used for consecutive bad lambda cycles):  3
11:54:08,0.001376,best mean phi sequence: 
11:54:08,0.0007033,best phi yet:  1767.67
11:54:08,0.0007145,number of consecutive bad lambda testing cycles:  0
11:54:08,0.0007128,number of iterations satisfying phiredstp criteria:  1
11:54:08,0.0031863,number of iterations since best yet mean phi:  0
11:54:08,0.0158493,starting solve for iteration: 9
11:54:08,8.8e-06,starting solve for iteration: 9
11:54:08,0.0122983,current lambda:  1.00113
11:54:08,8.2e-06,reordering variables in pe
11:54:08,0.0001012,preparing EnsembleSolver
11:54:08,0.0009141,starting calcs for glm factor 0.100113
11:54:08,1.21e-05,see .log file for more details
11:54:08,0.0117678,finished calcs for: 0.100113
11:54:08,0.0042882,starting calcs for glm factor 1.00113
11:54:08,1.78e-05,see .log file for more details
11:54:08,0.0130305,finished calcs for: 1.00113
11:54:08,0.0004034,starting calcs for glm factor 10.0113
11:54:08,1.76e-05,see .log file for more details
11:54:08,0.0084568,finished calcs for: 10.0113
11:54:08,0.0087821,running upgrade ensembles
11:54:08,8.4e-06,queuing 9 ensembles
11:54:08,0.001032,subset idx:pe real name:  14:48, 43:29, 56:47, 57:49, 
11:54:08,0.0124909,subset idx:oe real name:  14:48, 43:29, 56:47, 57:49, 
11:54:13,4.10578,making runs
11:58:36,263.621,processing runs
11:58:36,0.0079578,evaluating upgrade ensembles
11:58:36,0.0007773,last mean:  1767.67
11:58:36,0.0007801,last stdev:  98.1079
11:58:36,0.00124,phi summary for lambda, scale fac:
11:58:36,0.0011932,phi summary for lambda, scale fac:
11:58:36,0.0011705,phi summary for lambda, scale fac:
11:58:36,0.0012399,phi summary for lambda, scale fac:
11:58:36,0.0011375,phi summary for lambda, scale fac:
11:58:36,0.001135,phi summary for lambda, scale fac:
11:58:36,0.0011343,phi summary for lambda, scale fac:
11:58:36,0.0011419,phi summary for lambda, scale fac:
11:58:36,0.0011311,phi summary for lambda, scale fac:
11:58:36,0.001057,best subset mean phi  (1857.25) greater than acceptable phi : 1856.05
11:58:36,0.0007821,updating realizations with reduced phi
11:58:36,0.0020349,updating pe:oe real =48:48, current phi: new phi  =1946.84:1951.1
11:58:36,2.71e-05,updating pe:oe real =29:29, current phi: new phi  =1915.73:1923.03
11:58:36,2.49e-05,updating pe:oe real =47:47, current phi: new phi  =1828.67:1834.26
11:58:36,2.42e-05,updating pe:oe real =49:49, current phi: new phi  =1752.21:1720.62
11:58:36,0.0027976,current best mean phi (after updating reduced-phi reals):  1767.48
11:58:36,0.0029141,partial update improved phi stats, updating lambda to  0.0750847
11:58:36,0.0004203,returing to upgrade calculations...
11:58:36,0.194899,phi-based termination criteria check
11:58:36,0.0006312,phiredstp:  0.01
11:58:36,0.0006345,nphistp:  3
11:58:36,0.0006422,nphinored (also used for consecutive bad lambda cycles):  3
11:58:36,0.0012315,best mean phi sequence: 
11:58:36,0.0006845,best phi yet:  1767.48
11:58:36,0.0006371,number of consecutive bad lambda testing cycles:  1
11:58:36,0.0006344,number of iterations satisfying phiredstp criteria:  1
11:58:36,0.0006409,number of iterations since best yet mean phi:  0
11:58:36,0.001214,starting solve for iteration: 10
11:58:36,8.6e-06,starting solve for iteration: 10
11:58:36,0.0006218,current lambda:  0.0750847
11:58:36,7.9e-06,reordering variables in pe
11:58:36,8.93e-05,preparing EnsembleSolver
11:58:36,0.0005459,starting calcs for glm factor 0.00750847
11:58:36,1.1e-05,see .log file for more details
11:58:36,0.007247,finished calcs for: 0.00750847
11:58:36,0.0006387,starting calcs for glm factor 0.0750847
11:58:36,1.07e-05,see .log file for more details
11:58:36,0.007315,finished calcs for: 0.0750847
11:58:36,0.0004266,starting calcs for glm factor 0.750847
11:58:36,1.04e-05,see .log file for more details
11:58:36,0.0072392,finished calcs for: 0.750847
11:58:36,0.0007789,running upgrade ensembles
11:58:36,8.1e-06,queuing 9 ensembles
11:58:36,0.0006938,subset idx:pe real name:  14:48, 40:25, 43:29, 46:32, 
11:58:36,0.0004235,subset idx:oe real name:  14:48, 40:25, 43:29, 46:32, 
11:58:40,3.47092,making runs
12:00:32,112.252,processing runs
12:00:32,0.0072508,evaluating upgrade ensembles
12:00:32,0.0007372,last mean:  1767.48
12:00:32,0.0007387,last stdev:  98.5393
12:00:32,0.0011176,phi summary for lambda, scale fac:
12:00:32,0.0010708,phi summary for lambda, scale fac:
12:00:32,0.0010306,phi summary for lambda, scale fac:
12:00:32,0.0010357,phi summary for lambda, scale fac:
12:00:32,0.0010361,phi summary for lambda, scale fac:
12:00:32,0.0010271,phi summary for lambda, scale fac:
12:00:32,0.0010282,phi summary for lambda, scale fac:
12:00:32,0.0010238,phi summary for lambda, scale fac:
12:00:32,0.0010522,phi summary for lambda, scale fac:
12:00:32,0.0010927,phi summary for best lambda, scale fac: 
12:00:32,0.0058257,running remaining realizations for best lambda, scale:
12:00:32,1.31e-05,dropping subset idxs from remaining_pe_lam
12:00:32,6.37e-05,dropping subset idxs from remaining_oe_lam
12:00:32,0.0001146,queuing 73 runs
12:00:38,6.20341,making runs
12:04:57,258.988,processing runs
12:04:57,0.0038009,assembling ensembles
12:04:57,0.0009837,updating phi
12:04:57,0.0013759,phi summary for entire ensemble using lambda,scale_fac 
12:04:57,0.0095012,last best mean phi * acceptable phi factor:  1855.86
12:04:57,0.0007693,current best mean phi:  1764.28
12:04:57,0.0014185,updating parameter ensemble
12:04:57,1.07e-05,updating parameter ensemble
12:04:57,0.0014007,updating lambda to  0.563135
12:04:57,0.0497596,phi-based termination criteria check
12:04:57,0.0005867,phiredstp:  0.01
12:04:57,0.0005924,nphistp:  3
12:04:57,0.0005966,nphinored (also used for consecutive bad lambda cycles):  3
12:04:57,0.0011571,best mean phi sequence: 
12:04:57,0.0031748,best phi yet:  1764.28
12:04:57,0.0005453,number of consecutive bad lambda testing cycles:  0
12:04:57,0.0043772,number of iterations satisfying phiredstp criteria:  2
12:04:57,0.0005988,number of iterations since best yet mean phi:  0
12:04:57,0.0011394,starting solve for iteration: 11
12:04:57,8.7e-06,starting solve for iteration: 11
12:04:57,0.0005802,current lambda:  0.563135
12:04:57,8e-06,reordering variables in pe
12:04:57,0.0001232,preparing EnsembleSolver
12:04:57,0.0004697,starting calcs for glm factor 0.0563135
12:04:57,1.13e-05,see .log file for more details
12:04:57,0.0072822,finished calcs for: 0.0563135
12:04:57,0.0003998,starting calcs for glm factor 0.563135
12:04:57,1.1e-05,see .log file for more details
12:04:57,0.0071276,finished calcs for: 0.563135
12:04:57,0.0005135,starting calcs for glm factor 5.63135
12:04:57,1.06e-05,see .log file for more details
12:04:57,0.0071675,finished calcs for: 5.63135
12:04:57,0.0026357,running upgrade ensembles
12:04:57,1.22e-05,queuing 9 ensembles
12:04:57,0.0009652,subset idx:pe real name:  3:32, 11:72, 34:7, 67:62, 
12:04:57,0.0003881,subset idx:oe real name:  3:32, 11:72, 34:7, 67:62, 
12:04:58,0.78544,making runs
12:07:58,179.261,processing runs
12:07:58,0.0112431,evaluating upgrade ensembles
12:07:58,0.0025567,last mean:  1764.28
12:07:58,0.0007586,last stdev:  93.7062
12:07:58,0.0016335,phi summary for lambda, scale fac:
12:07:58,0.0015832,phi summary for lambda, scale fac:
12:07:58,0.0015341,phi summary for lambda, scale fac:
12:07:58,0.0015238,phi summary for lambda, scale fac:
12:07:58,0.0015327,phi summary for lambda, scale fac:
12:07:58,0.0014958,phi summary for lambda, scale fac:
12:07:58,0.0015128,phi summary for lambda, scale fac:
12:07:58,0.0014884,phi summary for lambda, scale fac:
12:07:58,0.0011774,phi summary for lambda, scale fac:
12:07:58,0.0006998,phi summary for best lambda, scale fac: 
12:07:58,0.005089,running remaining realizations for best lambda, scale:
12:07:58,7.7e-06,dropping subset idxs from remaining_pe_lam
12:07:58,3.75e-05,dropping subset idxs from remaining_oe_lam
12:07:58,8.42e-05,queuing 73 runs
12:08:06,8.49444,making runs
12:13:47,340.943,processing runs
12:13:47,0.0037629,assembling ensembles
12:13:47,0.0009515,updating phi
12:13:47,0.0013493,phi summary for entire ensemble using lambda,scale_fac 
12:13:47,0.0094489,last best mean phi * acceptable phi factor:  1852.5
12:13:47,0.0007671,current best mean phi:  1757.63
12:13:47,0.0014091,updating parameter ensemble
12:13:47,1.04e-05,updating parameter ensemble
12:13:47,0.0013959,updating lambda to  0.422351
12:13:47,0.0754,phi-based termination criteria check
12:13:47,0.0003975,phiredstp:  0.01
12:13:47,0.000399,nphistp:  3
12:13:47,0.0004059,nphinored (also used for consecutive bad lambda cycles):  3
12:13:47,0.0007813,best mean phi sequence: 
12:13:47,0.0004003,best phi yet:  1757.63
12:13:47,0.0004053,number of consecutive bad lambda testing cycles:  0
12:13:47,0.0004055,number of iterations satisfying phiredstp criteria:  3
12:13:47,0.0004043,number iterations satisfying phiredstp criteria > nphistp
12:13:47,0.0004009,number of iterations since best yet mean phi:  0
12:13:47,0.0004088,phi-based termination criteria satisfied, all done
