 DIAGNOSTICS.OUT FILE
 rice_paddy36_lum                        paddy36                                  not found in management.sch
 rice_paddy46_lum                        paddy46                                  not found in management.sch
 rice_paddy48_lum                        paddy48                                  not found in management.sch
 rice_paddy50_lum                        paddy50                                  not found in management.sch
 rice_paddy52_lum                        paddy52                                  not found in management.sch
 rice_paddy55_lum                        paddy55                                  not found in management.sch
 rice_paddy60_lum                        paddy60                                  not found in management.sch
 rice_paddy62_lum                        paddy62                                  not found in management.sch
 rice_paddy64_lum                        paddy64                                  not found in management.sch
 rice_paddy65_lum                        paddy65                                  not found in management.sch
 rice_paddy68_lum                        paddy68                                  not found in management.sch
 rice_paddy69_lum                        paddy69                                  not found in management.sch
 rice_paddy71_lum                        paddy71                                  not found in management.sch
 high_init                 not found (wet-init)
 weir                      not found (wet-release)
 high_init                 not found (wet-init)
 weir                      not found (wet-release)
 high_init                 not found (wet-init)
 weir                      not found (wet-release)
 high_init                 not found (wet-init)
 weir                      not found (wet-release)
 high_init                 not found (wet-init)
 weir                      not found (wet-release)
 high_init                 not found (wet-init)
 weir                      not found (wet-release)
 high_init                 not found (wet-init)
 weir                      not found (wet-release)
 high_init                 not found (wet-init)
 weir                      not found (wet-release)
 high_init                 not found (wet-init)
 weir                      not found (wet-release)
 high_init                 not found (wet-init)
 weir                      not found (wet-release)
 high_init                 not found (wet-init)
 weir                      not found (wet-release)
 high_init                 not found (wet-init)
 weir                      not found (wet-release)
 high_init                 not found (wet-init)
 weir                      not found (wet-release)
 high_init                 not found (wet-init)
 weir                      not found (wet-release)
 high_init                 not found (wet-init)
 weir                      not found (wet-release)
 high_init                 not found (wet-init)
 weir                      not found (wet-release)
 high_init                 not found (wet-init)
 weir                      not found (wet-release)
 high_init                 not found (wet-init)
 weir                      not found (wet-release)
 high_init                 not found (wet-init)
 weir                      not found (wet-release)
 high_init                 not found (wet-init)
 weir                      not found (wet-release)
 high_init                 not found (wet-init)
 weir                      not found (wet-release)
 high_init                 not found (wet-init)
 weir                      not found (wet-release)
 high_init                 not found (wet-init)
 weir                      not found (wet-release)
 high_init                 not found (wet-init)
 weir                      not found (wet-release)
 high_init                 not found (wet-init)
 weir                      not found (wet-release)
 high_init                 not found (wet-init)
 weir                      not found (wet-release)
 high_init                 not found (wet-init)
 weir                      not found (wet-release)
 high_init                 not found (wet-init)
 weir                      not found (wet-release)
 high_init                 not found (wet-init)
 weir                      not found (wet-release)
 high_init                 not found (wet-init)
 weir                      not found (wet-release)
 high_init                 not found (wet-init)
 weir                      not found (wet-release)
 high_init                 not found (wet-init)
 weir                      not found (wet-release)
 high_init                 not found (wet-init)
 weir                      not found (wet-release)
 high_init                 not found (wet-init)
 weir                      not found (wet-release)
                                         not found (wetland.wet)
