         155 aqu                1   1.597500       1.597500               1 ru                38         115   1.000000       1.597500       1.597500    
         156 aqu                2   7.342500       7.342500               1 ru                 1          78   1.000000       7.342500       7.342500    
         157 aqu                3  0.5000000      0.5000000               1 ru                35         112   1.000000      0.5000000      0.5000000    
         158 aqu                4   13.45750       13.45750               1 ru                12          89   1.000000       13.45750       13.45750    
         159 aqu                5  0.7225000      0.7225000               1 ru                44         121   1.000000      0.7225000      0.7225000    
         160 aqu                6   24.91750       24.91750               1 ru                34         111   1.000000       24.91750       24.91750    
         161 aqu                7   7.292500       7.292500               1 ru                 5          82   1.000000       7.292500       7.292500    
         162 aqu                8   8.262500       8.262500               1 ru                37         114   1.000000       8.262500       8.262500    
         163 aqu                9   7.735000       7.735000               1 ru                47         124   1.000000       7.735000       7.735000    
         164 aqu               10   6.570000       6.570000               1 ru                46         123   1.000000       6.570000       6.570000    
         165 aqu               11  0.2150000      0.2150000               1 ru                43         120   1.000000      0.2150000      0.2150000    
         166 aqu               12   8.025000       8.025000               1 ru                 6          83   1.000000       8.025000       8.025000    
         167 aqu               13  0.1775000      0.1775000               1 ru                41         118   1.000000      0.1775000      0.1775000    
         168 aqu               14   11.02750       11.02750               1 ru                 7          84   1.000000       11.02750       11.02750    
         169 aqu               15  0.1150000      0.1150000               1 ru                42         119   1.000000      0.1150000      0.1150000    
         170 aqu               16   16.30000       16.30000               1 ru                 8          85   1.000000       16.30000       16.30000    
         171 aqu               17  0.6275000      0.6275000               1 ru                40         117   1.000000      0.6275000      0.6275000    
         172 aqu               18   31.07250       31.07250               1 ru                 9          86   1.000000       31.07250       31.07250    
         173 aqu               19   4.670000       4.670000               1 ru                64         141   1.000000       4.670000       4.670000    
         174 aqu               20  0.4450000      0.4450000               1 ru                 4          81   1.000000      0.4450000      0.4450000    
         175 aqu               21   2.922500       2.922500               1 ru                10          87   1.000000       2.922500       2.922500    
         176 aqu               22   6.920000       6.920000               1 ru                62         139   1.000000       6.920000       6.920000    
         177 aqu               23   4.895000       4.895000               1 ru                61         138   1.000000       4.895000       4.895000    
         178 aqu               24   82.15750       82.15750               1 ru                11          88   1.000000       82.15750       82.15750    
         179 aqu               25   50.36500       50.36500               1 ru                28         105   1.000000       50.36500       50.36500    
         180 aqu               26   1.285000       1.285000               1 ru                59         136   1.000000       1.285000       1.285000    
         181 aqu               27  3.9999999E-02  3.9999999E-02           1 ru                60         137   1.000000      3.9999999E-02  3.9999999E-02
         182 aqu               28   14.13750       14.13750               1 ru                29         106   1.000000       14.13750       14.13750    
         183 aqu               29   114.9175       114.9175               1 ru                18          95   1.000000       114.9175       114.9175    
         184 aqu               30   2.585000       2.585000               1 ru                56         133   1.000000       2.585000       2.585000    
         185 aqu               31   62.50250       62.50250               1 ru                17          94   1.000000       62.50250       62.50250    
         186 aqu               32  3.2499999E-02  3.2499999E-02           1 ru                39         116   1.000000      3.2499999E-02  3.2499999E-02
         187 aqu               33   2.530000       2.530000               1 ru                66         143   1.000000       2.530000       2.530000    
         188 aqu               34   1.670000       1.670000               1 ru                65         142   1.000000       1.670000       1.670000    
         189 aqu               35   3.605000       3.605000               1 ru                58         135   1.000000       3.605000       3.605000    
         190 aqu               36   4.685000       4.685000               1 ru                19          96   1.000000       4.685000       4.685000    
         191 aqu               37   4.472500       4.472500               1 ru                67         144   1.000000       4.472500       4.472500    
         192 aqu               38   149.7075       149.7075               1 ru                21          98   1.000000       149.7075       149.7075    
         193 aqu               39   1.060000       1.060000               1 ru                36         113   1.000000       1.060000       1.060000    
         194 aqu               40   187.4750       187.4750               1 ru                63         140   1.000000       187.4750       187.4750    
         195 aqu               41   40.34250       40.34250               1 ru                13          90   1.000000       40.34250       40.34250    
         196 aqu               42   1.662500       1.662500               1 ru                48         125   1.000000       1.662500       1.662500    
         197 aqu               43   1.085000       1.085000               1 ru                 3          80   1.000000       1.085000       1.085000    
         198 aqu               44   22.37500       22.37500               1 ru                25         102   1.000000       22.37500       22.37500    
         199 aqu               45  5.5000000E-02  5.5000000E-02           1 ru                68         145   1.000000      5.5000000E-02  5.5000000E-02
         200 aqu               46   44.15250       44.15250               1 ru                20          97   1.000000       44.15250       44.15250    
         201 aqu               47  0.5700000      0.5700000               1 ru                69         146   1.000000      0.5700000      0.5700000    
         202 aqu               48   5.345000       5.345000               1 ru                22          99   1.000000       5.345000       5.345000    
         203 aqu               49  0.6600000      0.6600000               1 ru                55         132   1.000000      0.6600000      0.6600000    
         204 aqu               50   10.50250       10.50250               1 ru                26         103   1.000000       10.50250       10.50250    
         205 aqu               51   1.270000       1.270000               1 ru                54         131   1.000000       1.270000       1.270000    
         206 aqu               52   43.79750       43.79750               1 ru                30         107   1.000000       43.79750       43.79750    
         207 aqu               53   1.980000       1.980000               1 ru                57         134   1.000000       1.980000       1.980000    
         208 aqu               54  0.7625000      0.7625000               1 ru                49         126   1.000000      0.7625000      0.7625000    
         209 aqu               55   42.59500       42.59500               1 ru                14          91   1.000000       42.59500       42.59500    
         210 aqu               56   1.030000       1.030000               1 ru                50         127   1.000000       1.030000       1.030000    
         211 aqu               57   1.072500       1.072500               1 ru                51         128   1.000000       1.072500       1.072500    
         212 aqu               58   12.94750       12.94750               1 ru                23         100   1.000000       12.94750       12.94750    
         213 aqu               59  0.9550000      0.9550000               1 ru                53         130   1.000000      0.9550000      0.9550000    
         214 aqu               60   12.27250       12.27250               1 ru                27         104   1.000000       12.27250       12.27250    
         215 aqu               61  7.2499998E-02  7.2499998E-02           1 ru                52         129   1.000000      7.2499998E-02  7.2499998E-02
         216 aqu               62   6.897500       6.897500               1 ru                24         101   1.000000       6.897500       6.897500    
         217 aqu               63   2.402500       2.402500               1 ru                70         147   1.000000       2.402500       2.402500    
         218 aqu               64   37.91500       37.91500               1 ru                31         108   1.000000       37.91500       37.91500    
         219 aqu               65   17.24750       17.24750               1 ru                15          92   1.000000       17.24750       17.24750    
         220 aqu               66   1.005000       1.005000               1 ru                74         151   1.000000       1.005000       1.005000    
         221 aqu               67   1.497500       1.497500               1 ru                71         148   1.000000       1.497500       1.497500    
         222 aqu               68   18.59000       18.59000               1 ru                32         109   1.000000       18.59000       18.59000    
         223 aqu               69   28.19750       28.19750               1 ru                33         110   1.000000       28.19750       28.19750    
         224 aqu               70  0.2350000      0.2350000               1 ru                72         149   1.000000      0.2350000      0.2350000    
         225 aqu               71   37.79750       37.79750               1 ru                16          93   1.000000       37.79750       37.79750    
         226 aqu               72  0.6700000      0.6700000               1 ru                76         153   1.000000      0.6700000      0.6700000    
         227 aqu               73   37.12250       37.12250               1 ru                75         152   1.000000       37.12250       37.12250    
         228 aqu               74  0.6350000      0.6350000               1 ru                77         154   1.000000      0.6350000      0.6350000    
         229 aqu               75  2.2500001E-02  2.2500001E-02           1 ru                 2          79   1.000000      2.2500001E-02  2.2500001E-02
         230 aqu               76   2.912500       2.912500               1 ru                45         122   1.000000       2.912500       2.912500    
         231 aqu               77  0.1450000      0.1450000               1 ru                73         150   1.000000      0.1450000      0.1450000    
         232 aqu               78   123.0625      0.0000000E+00          15 aqu               30         184   1.000000       2.585000       2.585000     aqu               44         198   1.000000       22.37500       22.37500     aqu               45         199   1.000000      5.5000000E-02  5.5000000E-02 aqu               46         200   1.000000       44.15250       44.15250     aqu               47         201   1.000000      0.5700000      0.5700000     aqu               48         202   1.000000       5.345000       5.345000     aqu               49         203   1.000000      0.6600000      0.6600000     aqu               50         204   1.000000       10.50250       10.50250     aqu               51         205   1.000000       1.270000       1.270000     aqu               58         212   1.000000       12.94750       12.94750     aqu               59         213   1.000000      0.9550000      0.9550000     aqu               60         214   1.000000       12.27250       12.27250     aqu               61         215   1.000000      7.2499998E-02  7.2499998E-02 aqu               62         216   1.000000       6.897500       6.897500     aqu               63         217   1.000000       2.402500       2.402500    
         233 aqu               79   875.9300      0.0000000E+00          47 aqu                1         155   1.000000       1.597500       1.597500     aqu                2         156   1.000000       7.342500       7.342500     aqu                3         157   1.000000      0.5000000      0.5000000     aqu                4         158   1.000000       13.45750       13.45750     aqu                5         159   1.000000      0.7225000      0.7225000     aqu                6         160   1.000000       24.91750       24.91750     aqu                7         161   1.000000       7.292500       7.292500     aqu                8         162   1.000000       8.262500       8.262500     aqu                9         163   1.000000       7.735000       7.735000     aqu               10         164   1.000000       6.570000       6.570000     aqu               11         165   1.000000      0.2150000      0.2150000     aqu               12         166   1.000000       8.025000       8.025000     aqu               13         167   1.000000      0.1775000      0.1775000     aqu               14         168   1.000000       11.02750       11.02750     aqu               15         169   1.000000      0.1150000      0.1150000     aqu               16         170   1.000000       16.30000       16.30000     aqu               17         171   1.000000      0.6275000      0.6275000     aqu               18         172   1.000000       31.07250       31.07250     aqu               19         173   1.000000       4.670000       4.670000     aqu               20         174   1.000000      0.4450000      0.4450000     aqu               21         175   1.000000       2.922500       2.922500     aqu               22         176   1.000000       6.920000       6.920000     aqu               29         183   1.000000       114.9175       114.9175     aqu               31         185   1.000000       62.50250       62.50250     aqu               32         186   1.000000      3.2499999E-02  3.2499999E-02 aqu               33         187   1.000000       2.530000       2.530000     aqu               34         188   1.000000       1.670000       1.670000     aqu               36         190   1.000000       4.685000       4.685000     aqu               37         191   1.000000       4.472500       4.472500     aqu               38         192   1.000000       149.7075       149.7075     aqu               39         193   1.000000       1.060000       1.060000     aqu               40         194   1.000000       187.4750       187.4750     aqu               41         195   1.000000       40.34250       40.34250     aqu               42         196   1.000000       1.662500       1.662500     aqu               43         197   1.000000       1.085000       1.085000     aqu               54         208   1.000000      0.7625000      0.7625000     aqu               55         209   1.000000       42.59500       42.59500     aqu               56         210   1.000000       1.030000       1.030000     aqu               57         211   1.000000       1.072500       1.072500     aqu               65         219   1.000000       17.24750       17.24750     aqu               66         220   1.000000       1.005000       1.005000     aqu               71         225   1.000000       37.79750       37.79750     aqu               72         226   1.000000      0.6700000      0.6700000     aqu               73         227   1.000000       37.12250       37.12250     aqu               74         228   1.000000      0.6350000      0.6350000     aqu               75         229   1.000000      2.2500001E-02  2.2500001E-02 aqu               76         230   1.000000       2.912500       2.912500    
         234 aqu               80   288.8425      0.0000000E+00          15 aqu               23         177   1.000000       4.895000       4.895000     aqu               24         178   1.000000       82.15750       82.15750     aqu               25         179   1.000000       50.36500       50.36500     aqu               26         180   1.000000       1.285000       1.285000     aqu               27         181   1.000000      3.9999999E-02  3.9999999E-02 aqu               28         182   1.000000       14.13750       14.13750     aqu               35         189   1.000000       3.605000       3.605000     aqu               52         206   1.000000       43.79750       43.79750     aqu               53         207   1.000000       1.980000       1.980000     aqu               64         218   1.000000       37.91500       37.91500     aqu               67         221   1.000000       1.497500       1.497500     aqu               68         222   1.000000       18.59000       18.59000     aqu               69         223   1.000000       28.19750       28.19750     aqu               70         224   1.000000      0.2350000      0.2350000     aqu               77         231   1.000000      0.1450000      0.1450000    
         235 chandeg            1   7.342500       7.342500               2 ru                 1          78   1.000000       7.342500       7.342500     aqu                2         156   1.000000       7.342500       7.342500    
         236 chandeg            2   184.5075       184.5075               4 ru                 2          79   1.000000      2.2500001E-02  2.2500001E-02 aqu               75         229   1.000000      2.2500001E-02  2.2500001E-02 chandeg           21         255   1.000000       149.7075       149.7075     chandeg           37         271   1.000000       34.77750       34.77750    
         237 chandeg            3   550.2200       550.2200               4 ru                 3          80   1.000000       1.085000       1.085000     aqu               43         197   1.000000       1.085000       1.085000     chandeg           36         270   1.000000       354.3175       354.3175     chandeg           63         297   1.000000       194.8175       194.8175    
         238 chandeg            4  0.4450000      0.4450000               2 ru                 4          81   1.000000      0.4450000      0.4450000     aqu               20         174   1.000000      0.4450000      0.4450000    
         239 chandeg            5   7.292500       7.292500               2 ru                 5          82   1.000000       7.292500       7.292500     aqu                7         161   1.000000       7.292500       7.292500    
         240 chandeg            6   8.025000       8.025000               2 ru                 6          83   1.000000       8.025000       8.025000     aqu               12         166   1.000000       8.025000       8.025000    
         241 chandeg            7   11.02750       11.02750               2 ru                 7          84   1.000000       11.02750       11.02750     aqu               14         168   1.000000       11.02750       11.02750    
         242 chandeg            8   16.30000       16.30000               2 ru                 8          85   1.000000       16.30000       16.30000     aqu               16         170   1.000000       16.30000       16.30000    
         243 chandeg            9   31.07250       31.07250               2 ru                 9          86   1.000000       31.07250       31.07250     aqu               18         172   1.000000       31.07250       31.07250    
         244 chandeg           10   2.922500       2.922500               2 ru                10          87   1.000000       2.922500       2.922500     aqu               21         175   1.000000       2.922500       2.922500    
         245 chandeg           11   82.15750       82.15750               2 ru                11          88   1.000000       82.15750       82.15750     aqu               24         178   1.000000       82.15750       82.15750    
         246 chandeg           12   13.45750       13.45750               2 ru                12          89   1.000000       13.45750       13.45750     aqu                4         158   1.000000       13.45750       13.45750    
         247 chandeg           13   40.34250       40.34250               2 ru                13          90   1.000000       40.34250       40.34250     aqu               41         195   1.000000       40.34250       40.34250    
         248 chandeg           14   42.59500       42.59500               2 ru                14          91   1.000000       42.59500       42.59500     aqu               55         209   1.000000       42.59500       42.59500    
         249 chandeg           15   17.24750       17.24750               2 ru                15          92   1.000000       17.24750       17.24750     aqu               65         219   1.000000       17.24750       17.24750    
         250 chandeg           16   37.79750       37.79750               2 ru                16          93   1.000000       37.79750       37.79750     aqu               71         225   1.000000       37.79750       37.79750    
         251 chandeg           17   62.50250       62.50250               2 ru                17          94   1.000000       62.50250       62.50250     aqu               31         185   1.000000       62.50250       62.50250    
         252 chandeg           18   114.9175       114.9175               2 ru                18          95   1.000000       114.9175       114.9175     aqu               29         183   1.000000       114.9175       114.9175    
         253 chandeg           19   4.685000       4.685000               2 ru                19          96   1.000000       4.685000       4.685000     aqu               36         190   1.000000       4.685000       4.685000    
         254 chandeg           20   44.15250       44.15250               2 ru                20          97   1.000000       44.15250       44.15250     aqu               46         200   1.000000       44.15250       44.15250    
         255 chandeg           21   149.7075       149.7075               2 ru                21          98   1.000000       149.7075       149.7075     aqu               38         192   1.000000       149.7075       149.7075    
         256 chandeg           22   5.345000       5.345000               2 ru                22          99   1.000000       5.345000       5.345000     aqu               48         202   1.000000       5.345000       5.345000    
         257 chandeg           23   12.94750       12.94750               2 ru                23         100   1.000000       12.94750       12.94750     aqu               58         212   1.000000       12.94750       12.94750    
         258 chandeg           24   6.897500       6.897500               2 ru                24         101   1.000000       6.897500       6.897500     aqu               62         216   1.000000       6.897500       6.897500    
         259 chandeg           25   22.37500       22.37500               2 ru                25         102   1.000000       22.37500       22.37500     aqu               44         198   1.000000       22.37500       22.37500    
         260 chandeg           26   10.50250       10.50250               2 ru                26         103   1.000000       10.50250       10.50250     aqu               50         204   1.000000       10.50250       10.50250    
         261 chandeg           27   12.27250       12.27250               2 ru                27         104   1.000000       12.27250       12.27250     aqu               60         214   1.000000       12.27250       12.27250    
         262 chandeg           28   50.36500       50.36500               2 ru                28         105   1.000000       50.36500       50.36500     aqu               25         179   1.000000       50.36500       50.36500    
         263 chandeg           29   14.13750       14.13750               2 ru                29         106   1.000000       14.13750       14.13750     aqu               28         182   1.000000       14.13750       14.13750    
         264 chandeg           30   43.79750       43.79750               2 ru                30         107   1.000000       43.79750       43.79750     aqu               52         206   1.000000       43.79750       43.79750    
         265 chandeg           31   37.91500       37.91500               2 ru                31         108   1.000000       37.91500       37.91500     aqu               64         218   1.000000       37.91500       37.91500    
         266 chandeg           32   18.59000       18.59000               2 ru                32         109   1.000000       18.59000       18.59000     aqu               68         222   1.000000       18.59000       18.59000    
         267 chandeg           33   28.19750       28.19750               2 ru                33         110   1.000000       28.19750       28.19750     aqu               69         223   1.000000       28.19750       28.19750    
         268 chandeg           34   24.91750       24.91750               2 ru                34         111   1.000000       24.91750       24.91750     aqu                6         160   1.000000       24.91750       24.91750    
         269 chandeg           35  0.5000000      0.5000000               2 ru                35         112   1.000000      0.5000000      0.5000000     aqu                3         157   1.000000      0.5000000      0.5000000    
         270 chandeg           36   354.3175       354.3175               4 ru                36         113   1.000000       1.060000       1.060000     aqu               39         193   1.000000       1.060000       1.060000     chandeg            2         236   1.000000       184.5075       184.5075     chandeg           66         300   1.000000       168.7500       168.7500    
         271 chandeg           37   34.77750       34.77750               4 ru                37         114   1.000000       8.262500       8.262500     aqu                8         162   1.000000       8.262500       8.262500     chandeg           34         268   1.000000       24.91750       24.91750     chandeg           38         272   1.000000       1.597500       1.597500    
         272 chandeg           38   1.597500       1.597500               2 ru                38         115   1.000000       1.597500       1.597500     aqu                1         155   1.000000       1.597500       1.597500    
         273 chandeg           39   83.06250       83.06250               4 ru                39         116   1.000000      3.2499999E-02  3.2499999E-02 aqu               32         186   1.000000      3.2499999E-02  3.2499999E-02 chandeg           17         251   1.000000       62.50250       62.50250     chandeg           46         280   1.000000       20.52750       20.52750    
         274 chandeg           40   47.41500       47.41500               4 ru                40         117   1.000000      0.6275000      0.6275000     aqu               17         171   1.000000      0.6275000      0.6275000     chandeg           41         275   1.000000       19.34500       19.34500     chandeg           42         276   1.000000       27.44250       27.44250    
         275 chandeg           41   19.34500       19.34500               4 ru                41         118   1.000000      0.1775000      0.1775000     aqu               13         167   1.000000      0.1775000      0.1775000     chandeg            6         240   1.000000       8.025000       8.025000     chandeg           43         277   1.000000       11.14250       11.14250    
         276 chandeg           42   27.44250       27.44250               4 ru                42         119   1.000000      0.1150000      0.1150000     aqu               15         169   1.000000      0.1150000      0.1150000     chandeg            7         241   1.000000       11.02750       11.02750     chandeg            8         242   1.000000       16.30000       16.30000    
         277 chandeg           43   11.14250       11.14250               4 ru                43         120   1.000000      0.2150000      0.2150000     aqu               11         165   1.000000      0.2150000      0.2150000     chandeg            5         239   1.000000       7.292500       7.292500     chandeg           44         278   1.000000       3.635000       3.635000    
         278 chandeg           44   3.635000       3.635000               3 ru                44         121   1.000000      0.7225000      0.7225000     aqu                5         159   1.000000      0.7225000      0.7225000     chandeg           45         279   1.000000       2.912500       2.912500    
         279 chandeg           45   2.912500       2.912500               2 ru                45         122   1.000000       2.912500       2.912500     aqu               76         230   1.000000       2.912500       2.912500    
         280 chandeg           46   20.52750       20.52750               4 ru                46         123   1.000000       6.570000       6.570000     aqu               10         164   1.000000       6.570000       6.570000     chandeg           12         246   1.000000       13.45750       13.45750     chandeg           35         269   1.000000      0.5000000      0.5000000    
         281 chandeg           47   7.735000       7.735000               2 ru                47         124   1.000000       7.735000       7.735000     aqu                9         163   1.000000       7.735000       7.735000    
         282 chandeg           48   49.74000       49.74000               4 ru                48         125   1.000000       1.662500       1.662500     aqu               42         196   1.000000       1.662500       1.662500     chandeg           13         247   1.000000       40.34250       40.34250     chandeg           47         281   1.000000       7.735000       7.735000    
         283 chandeg           49   600.7225       600.7225               4 ru                49         126   1.000000      0.7625000      0.7625000     aqu               54         208   1.000000      0.7625000      0.7625000     chandeg            3         237   1.000000       550.2200       550.2200     chandeg           48         282   1.000000       49.74000       49.74000    
         284 chandeg           50   644.3475       644.3475               4 ru                50         127   1.000000       1.030000       1.030000     aqu               56         210   1.000000       1.030000       1.030000     chandeg           14         248   1.000000       42.59500       42.59500     chandeg           49         283   1.000000       600.7225       600.7225    
         285 chandeg           51   781.4525       781.4525               4 ru                51         128   1.000000       1.072500       1.072500     aqu               57         211   1.000000       1.072500       1.072500     chandeg           50         284   1.000000       644.3475       644.3475     chandeg           67         301   1.000000       136.0325       136.0325    
         286 chandeg           52   113.7625       113.7625               4 ru                52         129   1.000000      7.2499998E-02  7.2499998E-02 aqu               61         215   1.000000      7.2499998E-02  7.2499998E-02 chandeg           27         261   1.000000       12.27250       12.27250     chandeg           53         287   1.000000       101.4175       101.4175    
         287 chandeg           53   101.4175       101.4175               4 ru                53         130   1.000000      0.9550000      0.9550000     aqu               59         213   1.000000      0.9550000      0.9550000     chandeg           23         257   1.000000       12.94750       12.94750     chandeg           54         288   1.000000       87.51500       87.51500    
         288 chandeg           54   87.51500       87.51500               4 ru                54         131   1.000000       1.270000       1.270000     aqu               51         205   1.000000       1.270000       1.270000     chandeg           26         260   1.000000       10.50250       10.50250     chandeg           55         289   1.000000       75.74250       75.74250    
         289 chandeg           55   75.74250       75.74250               4 ru                55         132   1.000000      0.6600000      0.6600000     aqu               49         203   1.000000      0.6600000      0.6600000     chandeg           22         256   1.000000       5.345000       5.345000     chandeg           69         303   1.000000       69.73750       69.73750    
         290 chandeg           56   2.585000       2.585000               2 ru                56         133   1.000000       2.585000       2.585000     aqu               30         184   1.000000       2.585000       2.585000    
         291 chandeg           57   202.2625       202.2625               4 ru                57         134   1.000000       1.980000       1.980000     aqu               53         207   1.000000       1.980000       1.980000     chandeg           30         264   1.000000       43.79750       43.79750     chandeg           58         292   1.000000       156.4850       156.4850    
         292 chandeg           58   156.4850       156.4850               4 ru                58         135   1.000000       3.605000       3.605000     aqu               35         189   1.000000       3.605000       3.605000     chandeg           29         263   1.000000       14.13750       14.13750     chandeg           60         294   1.000000       138.7425       138.7425    
         293 chandeg           59   56.54500       56.54500               4 ru                59         136   1.000000       1.285000       1.285000     aqu               26         180   1.000000       1.285000       1.285000     chandeg           28         262   1.000000       50.36500       50.36500     chandeg           61         295   1.000000       4.895000       4.895000    
         294 chandeg           60   138.7425       138.7425               4 ru                60         137   1.000000      3.9999999E-02  3.9999999E-02 aqu               27         181   1.000000      3.9999999E-02  3.9999999E-02 chandeg           11         245   1.000000       82.15750       82.15750     chandeg           59         293   1.000000       56.54500       56.54500    
         295 chandeg           61   4.895000       4.895000               2 ru                61         138   1.000000       4.895000       4.895000     aqu               23         177   1.000000       4.895000       4.895000    
         296 chandeg           62   10.28750       10.28750               4 ru                62         139   1.000000       6.920000       6.920000     aqu               22         176   1.000000       6.920000       6.920000     chandeg            4         238   1.000000      0.4450000      0.4450000     chandeg           10         244   1.000000       2.922500       2.922500    
         297 chandeg           63   194.8175       194.8175               3 ru                63         140   1.000000       187.4750       187.4750     aqu               40         194   1.000000       187.4750       187.4750     chandeg            1         235   1.000000       7.342500       7.342500    
         298 chandeg           64   83.15750       83.15750               4 ru                64         141   1.000000       4.670000       4.670000     aqu               19         173   1.000000       4.670000       4.670000     chandeg            9         243   1.000000       31.07250       31.07250     chandeg           40         274   1.000000       47.41500       47.41500    
         299 chandeg           65   126.8750       126.8750               4 ru                65         142   1.000000       1.670000       1.670000     aqu               34         188   1.000000       1.670000       1.670000     chandeg           18         252   1.000000       114.9175       114.9175     chandeg           62         296   1.000000       10.28750       10.28750    
         300 chandeg           66   168.7500       168.7500               4 ru                66         143   1.000000       2.530000       2.530000     aqu               33         187   1.000000       2.530000       2.530000     chandeg           39         273   1.000000       83.06250       83.06250     chandeg           64         298   1.000000       83.15750       83.15750    
         301 chandeg           67   136.0325       136.0325               4 ru                67         144   1.000000       4.472500       4.472500     aqu               37         191   1.000000       4.472500       4.472500     chandeg           19         253   1.000000       4.685000       4.685000     chandeg           65         299   1.000000       126.8750       126.8750    
         302 chandeg           68   25.01500       25.01500               4 ru                68         145   1.000000      5.5000000E-02  5.5000000E-02 aqu               45         199   1.000000      5.5000000E-02  5.5000000E-02 chandeg           25         259   1.000000       22.37500       22.37500     chandeg           56         290   1.000000       2.585000       2.585000    
         303 chandeg           69   69.73750       69.73750               4 ru                69         146   1.000000      0.5700000      0.5700000     aqu               47         201   1.000000      0.5700000      0.5700000     chandeg           20         254   1.000000       44.15250       44.15250     chandeg           68         302   1.000000       25.01500       25.01500    
         304 chandeg           70   123.0625       123.0625               4 ru                70         147   1.000000       2.402500       2.402500     aqu               63         217   1.000000       2.402500       2.402500     chandeg           24         258   1.000000       6.897500       6.897500     chandeg           52         286   1.000000       113.7625       113.7625    
         305 chandeg           71   241.6750       241.6750               4 ru                71         148   1.000000       1.497500       1.497500     aqu               67         221   1.000000       1.497500       1.497500     chandeg           31         265   1.000000       37.91500       37.91500     chandeg           57         291   1.000000       202.2625       202.2625    
         306 chandeg           72   270.1075       270.1075               4 ru                72         149   1.000000      0.2350000      0.2350000     aqu               70         224   1.000000      0.2350000      0.2350000     chandeg           33         267   1.000000       28.19750       28.19750     chandeg           71         305   1.000000       241.6750       241.6750    
         307 chandeg           73   288.8425       288.8425               4 ru                73         150   1.000000      0.1450000      0.1450000     aqu               77         231   1.000000      0.1450000      0.1450000     chandeg           32         266   1.000000       18.59000       18.59000     chandeg           72         306   1.000000       270.1075       270.1075    
         308 chandeg           74   799.7050       799.7050               4 ru                74         151   1.000000       1.005000       1.005000     aqu               66         220   1.000000       1.005000       1.005000     chandeg           15         249   1.000000       17.24750       17.24750     chandeg           51         285   1.000000       781.4525       781.4525    
         309 chandeg           75   37.12250       37.12250               2 ru                75         152   1.000000       37.12250       37.12250     aqu               73         227   1.000000       37.12250       37.12250    
         310 chandeg           76   838.1725       838.1725               4 ru                76         153   1.000000      0.6700000      0.6700000     aqu               72         226   1.000000      0.6700000      0.6700000     chandeg           16         250   1.000000       37.79750       37.79750     chandeg           74         308   1.000000       799.7050       799.7050    
         311 chandeg           77   875.9300       875.9300               4 ru                77         154   1.000000      0.6350000      0.6350000     aqu               74         228   1.000000      0.6350000      0.6350000     chandeg           75         309   1.000000       37.12250       37.12250     chandeg           76         310   1.000000       838.1725       838.1725    
