time,elapsed_seconds,message
13:42:15,9.05e-05,PEST++ performance logger started
13:42:15,0.0006861,starting to process control file
13:42:15,0.0101294,finished processing control file
13:42:15,0.0099449,loading parcov
13:42:15,0.0043244,beginning iteration 1
13:42:15,9.56e-05,commencing to build jacobian parameter sets
13:42:15,0.0021434,jacobian parameter sets built, commencing model runs
13:42:35,19.6387,jacobian runs complete, processing runs
13:42:35,0.0004135,processing jacobian runs complete
13:42:35,1.15e-05,saving jacobian and sen files
13:42:35,0.0014406,commencing calculation of upgrade vector
13:42:35,0.0001188,forming JtQJ matrix
13:42:35,3.48e-05,commencing to scale JtQJ matrix- first SVD...
13:42:35,1.53e-05,starting REDSVD
13:42:35,0.0001638,retrieving REDSVD components
13:42:35,2.64e-05,triming REDSVD components to 5elements
13:42:35,1.53e-05,done REDSVD
13:42:35,4.72e-05,S info: rows = 13: cols = 13: size = 169: nonzeros = 6
13:42:35,6.9e-06,JS
13:42:35,1.64e-05,JS.transpose() * q_mat * JS + lambda * S.transpose() * S
13:42:35,4.56e-05,S info: rows = 13: cols = 13: size = 169: nonzeros = 6
13:42:35,6.8e-06,commencing SVD factorization of lambda-scaled JtQJ
13:42:35,5.6e-06,starting REDSVD
13:42:35,3.29e-05,retrieving REDSVD components
13:42:35,1.13e-05,triming REDSVD components to 5elements
13:42:35,7.9e-06,done REDSVD
13:42:35,5.5e-06,SVD factorization complete
13:42:35,0.0001275,commencing linear algebra multiplication to compute ugrade
13:42:35,7.9e-06,S info: rows = 13: cols = 13: size = 169: nonzeros = 6Vt info: rows = 5: cols = 13: size = 65: nonzeros = 30
13:42:35,1.56e-05,U info: rows = 13: cols = 5: size = 65: nonzeros = 30
13:42:35,7.3e-06,jac info: rows = 35: cols = 13: size = 455: nonzeros = 94
13:42:35,4.95e-05,linear algebra multiplication to compute ugrade complete
13:42:35,7.15e-05,commencing check of parameter bounds and gradients
13:42:35,0.0012359,beginning upgrade vector calculations, lambda = 0.1
13:42:35,6.91e-05,commencing calculation of upgrade vector
13:42:35,0.0001203,forming JtQJ matrix
13:42:35,1.81e-05,commencing to scale JtQJ matrix- first SVD...
13:42:35,6.7e-06,starting REDSVD
13:42:35,3.83e-05,retrieving REDSVD components
13:42:35,1.09e-05,triming REDSVD components to 5elements
13:42:35,8.4e-06,done REDSVD
13:42:35,1.56e-05,S info: rows = 13: cols = 13: size = 169: nonzeros = 6
13:42:35,6.3e-06,JS
13:42:35,9.3e-06,JS.transpose() * q_mat * JS + lambda * S.transpose() * S
13:42:35,1.88e-05,S info: rows = 13: cols = 13: size = 169: nonzeros = 6
13:42:35,5.9e-06,commencing SVD factorization of lambda-scaled JtQJ
13:42:35,5.5e-06,starting REDSVD
13:42:35,3.13e-05,retrieving REDSVD components
13:42:35,1.05e-05,triming REDSVD components to 5elements
13:42:35,8.4e-06,done REDSVD
13:42:35,5.5e-06,SVD factorization complete
13:42:35,0.000103,commencing linear algebra multiplication to compute ugrade
13:42:35,7.1e-06,S info: rows = 13: cols = 13: size = 169: nonzeros = 6Vt info: rows = 5: cols = 13: size = 65: nonzeros = 30
13:42:35,6.7e-06,U info: rows = 13: cols = 5: size = 65: nonzeros = 30
13:42:35,6.7e-06,jac info: rows = 35: cols = 13: size = 455: nonzeros = 94
13:42:35,2.25e-05,linear algebra multiplication to compute ugrade complete
13:42:35,1.93e-05,commencing check of parameter bounds and gradients
13:42:35,2.36e-05,commencing calculation of upgrade vector
13:42:35,8.42e-05,forming JtQJ matrix
13:42:35,1.72e-05,commencing to scale JtQJ matrix- first SVD...
13:42:35,6.2e-06,starting REDSVD
13:42:35,2.88e-05,retrieving REDSVD components
13:42:35,1.08e-05,triming REDSVD components to 5elements
13:42:35,8.6e-06,done REDSVD
13:42:35,1.34e-05,S info: rows = 13: cols = 13: size = 169: nonzeros = 6
13:42:35,5e-06,JS
13:42:35,8.4e-06,JS.transpose() * q_mat * JS + lambda * S.transpose() * S
13:42:35,1.69e-05,S info: rows = 13: cols = 13: size = 169: nonzeros = 6
13:42:35,5.8e-06,commencing SVD factorization of lambda-scaled JtQJ
13:42:35,5.2e-06,starting REDSVD
13:42:35,2.71e-05,retrieving REDSVD components
13:42:35,9.1e-06,triming REDSVD components to 5elements
13:42:35,5.57e-05,done REDSVD
13:42:35,1.14e-05,SVD factorization complete
13:42:35,0.0001674,commencing linear algebra multiplication to compute ugrade
13:42:35,1.08e-05,S info: rows = 13: cols = 13: size = 169: nonzeros = 6Vt info: rows = 5: cols = 13: size = 65: nonzeros = 30
13:42:35,7.6e-06,U info: rows = 13: cols = 5: size = 65: nonzeros = 30
13:42:35,7.5e-06,jac info: rows = 35: cols = 13: size = 455: nonzeros = 94
13:42:35,2.41e-05,linear algebra multiplication to compute ugrade complete
13:42:35,2.04e-05,commencing check of parameter bounds
13:42:35,9.2e-06,limiting out of bounds pars
13:42:35,3.62e-05,change limit/bound enforement for lambda 0.1: upper change limit,ESCO, scaling factor: 3.33695e-144
13:42:35,0.0005153,checking for denormal floating point values
13:42:35,1.75e-05,transforming upgrade pars to model pars
13:42:35,9.2e-06,writing upgrade vector to csv file
13:42:35,0.0002814,beginning upgrade vector calculations, lambda = 1
13:42:35,5.52e-05,commencing calculation of upgrade vector
13:42:35,0.0001015,forming JtQJ matrix
13:42:35,1.59e-05,commencing to scale JtQJ matrix- first SVD...
13:42:35,5.7e-06,starting REDSVD
13:42:35,3.46e-05,retrieving REDSVD components
13:42:35,1.13e-05,triming REDSVD components to 5elements
13:42:35,7.9e-06,done REDSVD
13:42:35,1.44e-05,S info: rows = 13: cols = 13: size = 169: nonzeros = 6
13:42:35,5.6e-06,JS
13:42:35,9e-06,JS.transpose() * q_mat * JS + lambda * S.transpose() * S
13:42:35,1.8e-05,S info: rows = 13: cols = 13: size = 169: nonzeros = 6
13:42:35,5.8e-06,commencing SVD factorization of lambda-scaled JtQJ
13:42:35,5.1e-06,starting REDSVD
13:42:35,2.83e-05,retrieving REDSVD components
13:42:35,9.9e-06,triming REDSVD components to 5elements
13:42:35,7.3e-06,done REDSVD
13:42:35,6.1e-06,SVD factorization complete
13:42:35,0.0001054,commencing linear algebra multiplication to compute ugrade
13:42:35,7.2e-06,S info: rows = 13: cols = 13: size = 169: nonzeros = 6Vt info: rows = 5: cols = 13: size = 65: nonzeros = 30
13:42:35,6.9e-06,U info: rows = 13: cols = 5: size = 65: nonzeros = 30
13:42:35,7.4e-06,jac info: rows = 35: cols = 13: size = 455: nonzeros = 94
13:42:35,2.1e-05,linear algebra multiplication to compute ugrade complete
13:42:35,1.75e-05,commencing check of parameter bounds and gradients
13:42:35,8.7e-06,commencing calculation of upgrade vector
13:42:35,7.73e-05,forming JtQJ matrix
13:42:35,1.4e-05,commencing to scale JtQJ matrix- first SVD...
13:42:35,5.1e-06,starting REDSVD
13:42:35,2.74e-05,retrieving REDSVD components
13:42:35,9.5e-06,triming REDSVD components to 5elements
13:42:35,7.3e-06,done REDSVD
13:42:35,1.26e-05,S info: rows = 13: cols = 13: size = 169: nonzeros = 6
13:42:35,5.6e-06,JS
13:42:35,8e-06,JS.transpose() * q_mat * JS + lambda * S.transpose() * S
13:42:35,1.65e-05,S info: rows = 13: cols = 13: size = 169: nonzeros = 6
13:42:35,5.2e-06,commencing SVD factorization of lambda-scaled JtQJ
13:42:35,4.8e-06,starting REDSVD
13:42:35,2.93e-05,retrieving REDSVD components
13:42:35,9.4e-06,triming REDSVD components to 5elements
13:42:35,8.9e-06,done REDSVD
13:42:35,5.4e-06,SVD factorization complete
13:42:35,0.0001105,commencing linear algebra multiplication to compute ugrade
13:42:35,6.9e-06,S info: rows = 13: cols = 13: size = 169: nonzeros = 6Vt info: rows = 5: cols = 13: size = 65: nonzeros = 30
13:42:35,7e-06,U info: rows = 13: cols = 5: size = 65: nonzeros = 30
13:42:35,8e-06,jac info: rows = 35: cols = 13: size = 455: nonzeros = 94
13:42:35,2.15e-05,linear algebra multiplication to compute ugrade complete
13:42:35,1.89e-05,commencing check of parameter bounds
13:42:35,7.1e-06,limiting out of bounds pars
13:42:35,1.59e-05,change limit/bound enforement for lambda 1: upper change limit,ESCO, scaling factor: 5.39916e-20
13:42:35,0.0003983,checking for denormal floating point values
13:42:35,8.4e-06,transforming upgrade pars to model pars
13:42:35,8e-06,writing upgrade vector to csv file
13:42:35,0.0001679,beginning upgrade vector calculations, lambda = 10
13:42:35,0.0005489,commencing calculation of upgrade vector
13:42:35,8.87e-05,forming JtQJ matrix
13:42:35,1.58e-05,commencing to scale JtQJ matrix- first SVD...
13:42:35,5.8e-06,starting REDSVD
13:42:35,3.93e-05,retrieving REDSVD components
13:42:35,1.08e-05,triming REDSVD components to 5elements
13:42:35,7.7e-06,done REDSVD
13:42:35,1.38e-05,S info: rows = 13: cols = 13: size = 169: nonzeros = 6
13:42:35,5.2e-06,JS
13:42:35,7.9e-06,JS.transpose() * q_mat * JS + lambda * S.transpose() * S
13:42:35,1.67e-05,S info: rows = 13: cols = 13: size = 169: nonzeros = 6
13:42:35,5.6e-06,commencing SVD factorization of lambda-scaled JtQJ
13:42:35,5.1e-06,starting REDSVD
13:42:35,2.68e-05,retrieving REDSVD components
13:42:35,9e-06,triming REDSVD components to 5elements
13:42:35,7e-06,done REDSVD
13:42:35,5.5e-06,SVD factorization complete
13:42:35,0.0001307,commencing linear algebra multiplication to compute ugrade
13:42:35,8.2e-06,S info: rows = 13: cols = 13: size = 169: nonzeros = 6Vt info: rows = 5: cols = 13: size = 65: nonzeros = 30
13:42:35,6.7e-06,U info: rows = 13: cols = 5: size = 65: nonzeros = 30
13:42:35,6.6e-06,jac info: rows = 35: cols = 13: size = 455: nonzeros = 94
13:42:35,2.16e-05,linear algebra multiplication to compute ugrade complete
13:42:35,1.75e-05,commencing check of parameter bounds and gradients
13:42:35,8.5e-06,commencing calculation of upgrade vector
13:42:35,7.86e-05,forming JtQJ matrix
13:42:35,1.46e-05,commencing to scale JtQJ matrix- first SVD...
13:42:35,5.7e-06,starting REDSVD
13:42:35,2.82e-05,retrieving REDSVD components
13:42:35,9.7e-06,triming REDSVD components to 5elements
13:42:35,7.4e-06,done REDSVD
13:42:35,1.27e-05,S info: rows = 13: cols = 13: size = 169: nonzeros = 6
13:42:35,5.1e-06,JS
13:42:35,8e-06,JS.transpose() * q_mat * JS + lambda * S.transpose() * S
13:42:35,1.67e-05,S info: rows = 13: cols = 13: size = 169: nonzeros = 6
13:42:35,5.5e-06,commencing SVD factorization of lambda-scaled JtQJ
13:42:35,5.1e-06,starting REDSVD
13:42:35,2.67e-05,retrieving REDSVD components
13:42:35,9.1e-06,triming REDSVD components to 5elements
13:42:35,6.9e-06,done REDSVD
13:42:35,5.5e-06,SVD factorization complete
13:42:35,0.0001019,commencing linear algebra multiplication to compute ugrade
13:42:35,7.3e-06,S info: rows = 13: cols = 13: size = 169: nonzeros = 6Vt info: rows = 5: cols = 13: size = 65: nonzeros = 30
13:42:35,6.9e-06,U info: rows = 13: cols = 5: size = 65: nonzeros = 30
13:42:35,7.8e-06,jac info: rows = 35: cols = 13: size = 455: nonzeros = 94
13:42:35,2.21e-05,linear algebra multiplication to compute ugrade complete
13:42:35,1.9e-05,commencing check of parameter bounds
13:42:35,7.8e-06,limiting out of bounds pars
13:42:35,1.56e-05,change limit/bound enforement for lambda 10: upper change limit,ESCO, scaling factor: 8.81881e-05
13:42:35,0.0004279,checking for denormal floating point values
13:42:35,8.1e-06,transforming upgrade pars to model pars
13:42:35,7.7e-06,writing upgrade vector to csv file
13:42:35,0.0001832,beginning upgrade vector calculations, lambda = 100
13:42:35,6.69e-05,commencing calculation of upgrade vector
13:42:35,8.49e-05,forming JtQJ matrix
13:42:35,1.59e-05,commencing to scale JtQJ matrix- first SVD...
13:42:35,5.6e-06,starting REDSVD
13:42:35,3.41e-05,retrieving REDSVD components
13:42:35,1.1e-05,triming REDSVD components to 5elements
13:42:35,8e-06,done REDSVD
13:42:35,1.35e-05,S info: rows = 13: cols = 13: size = 169: nonzeros = 6
13:42:35,6.4e-06,JS
13:42:35,8.2e-06,JS.transpose() * q_mat * JS + lambda * S.transpose() * S
13:42:35,1.62e-05,S info: rows = 13: cols = 13: size = 169: nonzeros = 6
13:42:35,5.4e-06,commencing SVD factorization of lambda-scaled JtQJ
13:42:35,4.9e-06,starting REDSVD
13:42:35,2.83e-05,retrieving REDSVD components
13:42:35,9.7e-06,triming REDSVD components to 5elements
13:42:35,7.5e-06,done REDSVD
13:42:35,5.9e-06,SVD factorization complete
13:42:35,0.0001066,commencing linear algebra multiplication to compute ugrade
13:42:35,7.5e-06,S info: rows = 13: cols = 13: size = 169: nonzeros = 6Vt info: rows = 5: cols = 13: size = 65: nonzeros = 30
13:42:35,2.78e-05,U info: rows = 13: cols = 5: size = 65: nonzeros = 30
13:42:35,9.4e-06,jac info: rows = 35: cols = 13: size = 455: nonzeros = 94
13:42:35,2.16e-05,linear algebra multiplication to compute ugrade complete
13:42:35,1.82e-05,commencing check of parameter bounds and gradients
13:42:35,9.9e-06,commencing calculation of upgrade vector
13:42:35,8.08e-05,forming JtQJ matrix
13:42:35,1.46e-05,commencing to scale JtQJ matrix- first SVD...
13:42:35,5.8e-06,starting REDSVD
13:42:35,2.77e-05,retrieving REDSVD components
13:42:35,9.3e-06,triming REDSVD components to 5elements
13:42:35,7.4e-06,done REDSVD
13:42:35,1.32e-05,S info: rows = 13: cols = 13: size = 169: nonzeros = 6
13:42:35,5.7e-06,JS
13:42:35,7.8e-06,JS.transpose() * q_mat * JS + lambda * S.transpose() * S
13:42:35,1.65e-05,S info: rows = 13: cols = 13: size = 169: nonzeros = 6
13:42:35,5.4e-06,commencing SVD factorization of lambda-scaled JtQJ
13:42:35,5.5e-06,starting REDSVD
13:42:35,2.83e-05,retrieving REDSVD components
13:42:35,1.04e-05,triming REDSVD components to 5elements
13:42:35,6.6e-06,done REDSVD
13:42:35,7.8e-06,SVD factorization complete
13:42:35,0.0001254,commencing linear algebra multiplication to compute ugrade
13:42:35,7.9e-06,S info: rows = 13: cols = 13: size = 169: nonzeros = 6Vt info: rows = 5: cols = 13: size = 65: nonzeros = 30
13:42:35,6.6e-06,U info: rows = 13: cols = 5: size = 65: nonzeros = 30
13:42:35,6.5e-06,jac info: rows = 35: cols = 13: size = 455: nonzeros = 94
13:42:35,2.11e-05,linear algebra multiplication to compute ugrade complete
13:42:35,1.71e-05,commencing check of parameter bounds
13:42:35,6.9e-06,limiting out of bounds pars
13:42:35,1.46e-05,change limit/bound enforement for lambda 100: upper change limit,AWC, scaling factor: 0.00228344
13:42:35,0.0004976,checking for denormal floating point values
13:42:35,8.3e-06,transforming upgrade pars to model pars
13:42:35,7.6e-06,writing upgrade vector to csv file
13:42:35,0.0001478,beginning upgrade vector calculations, lambda = 1000
13:42:35,0.0001133,commencing calculation of upgrade vector
13:42:35,8.54e-05,forming JtQJ matrix
13:42:35,1.53e-05,commencing to scale JtQJ matrix- first SVD...
13:42:35,5.8e-06,starting REDSVD
13:42:35,2.86e-05,retrieving REDSVD components
13:42:35,9.7e-06,triming REDSVD components to 5elements
13:42:35,7.5e-06,done REDSVD
13:42:35,1.34e-05,S info: rows = 13: cols = 13: size = 169: nonzeros = 6
13:42:35,5.1e-06,JS
13:42:35,7.7e-06,JS.transpose() * q_mat * JS + lambda * S.transpose() * S
13:42:35,1.63e-05,S info: rows = 13: cols = 13: size = 169: nonzeros = 6
13:42:35,5.4e-06,commencing SVD factorization of lambda-scaled JtQJ
13:42:35,5.1e-06,starting REDSVD
13:42:35,2.77e-05,retrieving REDSVD components
13:42:35,9e-06,triming REDSVD components to 5elements
13:42:35,8.1e-06,done REDSVD
13:42:35,5.8e-06,SVD factorization complete
13:42:35,0.0001083,commencing linear algebra multiplication to compute ugrade
13:42:35,6.9e-06,S info: rows = 13: cols = 13: size = 169: nonzeros = 6Vt info: rows = 5: cols = 13: size = 65: nonzeros = 30
13:42:35,6.8e-06,U info: rows = 13: cols = 5: size = 65: nonzeros = 30
13:42:35,7e-06,jac info: rows = 35: cols = 13: size = 455: nonzeros = 94
13:42:35,1.99e-05,linear algebra multiplication to compute ugrade complete
13:42:35,1.71e-05,commencing check of parameter bounds and gradients
13:42:35,8.5e-06,commencing calculation of upgrade vector
13:42:35,7.77e-05,forming JtQJ matrix
13:42:35,1.35e-05,commencing to scale JtQJ matrix- first SVD...
13:42:35,5.3e-06,starting REDSVD
13:42:35,3.33e-05,retrieving REDSVD components
13:42:35,9.8e-06,triming REDSVD components to 5elements
13:42:35,7.5e-06,done REDSVD
13:42:35,1.22e-05,S info: rows = 13: cols = 13: size = 169: nonzeros = 6
13:42:35,5.3e-06,JS
13:42:35,7.3e-06,JS.transpose() * q_mat * JS + lambda * S.transpose() * S
13:42:35,1.59e-05,S info: rows = 13: cols = 13: size = 169: nonzeros = 6
13:42:35,4.73e-05,commencing SVD factorization of lambda-scaled JtQJ
13:42:35,9.6e-06,starting REDSVD
13:42:35,3.06e-05,retrieving REDSVD components
13:42:35,9.7e-06,triming REDSVD components to 5elements
13:42:35,7.3e-06,done REDSVD
13:42:35,6.8e-06,SVD factorization complete
13:42:35,0.0001027,commencing linear algebra multiplication to compute ugrade
13:42:35,1.04e-05,S info: rows = 13: cols = 13: size = 169: nonzeros = 6Vt info: rows = 5: cols = 13: size = 65: nonzeros = 30
13:42:35,6.8e-06,U info: rows = 13: cols = 5: size = 65: nonzeros = 30
13:42:35,6.8e-06,jac info: rows = 35: cols = 13: size = 455: nonzeros = 94
13:42:35,2.31e-05,linear algebra multiplication to compute ugrade complete
13:42:35,2.88e-05,commencing check of parameter bounds
13:42:35,7.5e-06,limiting out of bounds pars
13:42:35,1.53e-05,change limit/bound enforement for lambda 1000: upper change limit,EPCO, scaling factor: 0.00734122
13:42:35,0.0005035,checking for denormal floating point values
13:42:35,8.8e-06,transforming upgrade pars to model pars
13:42:35,7.7e-06,writing upgrade vector to csv file
13:42:35,0.0005028,LinearAnalysis::glm_iter_fosm
13:42:35,6.29e-05,starting FOSM uncertainty analyses for iteration 0
13:42:35,0.0007759,loading obscov
13:42:35,4.39e-05,loading parcov
13:42:35,3.06e-05,set_predictions
13:42:35,2.04e-05,parameter fosm calcs
13:42:35,1.2e-05,LinearAnalysis::calc_posterior
13:42:35,5.5e-06,LinearAnalysis::align
13:42:35,9.41e-05,LinearAnalysis::prior_prediction_variance()::invert obscov
13:42:35,9e-06,inverting diagonal matrix in place
13:42:35,8.3e-06,LinearAnalysis::calc_posterior() form JtQJ
13:42:35,3.55e-05,LinearAnalysis::calc_posterior() invert prior parcov
13:42:35,3.05e-05,LinearAnalysis::calc_posterior() form posterior parcov
13:42:35,1.15e-05,LinearAnalysis::calc_posterior() invert posterior parcov
13:42:35,6.3e-06,inverting non-diagonal matrix in place
13:42:49,14.397,completed iteration 1
13:42:49,0.0121293,beginning iteration 2
13:42:49,0.0001103,commencing to build jacobian parameter sets
13:42:49,0.0012531,jacobian parameter sets built, commencing model runs
13:43:05,15.3725,jacobian runs complete, processing runs
13:43:05,0.000331,processing jacobian runs complete
13:43:05,8.4e-06,saving jacobian and sen files
13:43:05,0.0011134,commencing calculation of upgrade vector
13:43:05,0.0001059,forming JtQJ matrix
13:43:05,1.82e-05,commencing to scale JtQJ matrix- first SVD...
13:43:05,6.5e-06,starting REDSVD
13:43:05,3.78e-05,retrieving REDSVD components
13:43:05,1.1e-05,triming REDSVD components to 5elements
13:43:05,7.3e-06,done REDSVD
13:43:05,1.36e-05,S info: rows = 13: cols = 13: size = 169: nonzeros = 5
13:43:05,5e-06,JS
13:43:05,8.1e-06,JS.transpose() * q_mat * JS + lambda * S.transpose() * S
13:43:05,1.68e-05,S info: rows = 13: cols = 13: size = 169: nonzeros = 5
13:43:05,5.2e-06,commencing SVD factorization of lambda-scaled JtQJ
13:43:05,5e-06,starting REDSVD
13:43:05,2.92e-05,retrieving REDSVD components
13:43:05,8.4e-06,triming REDSVD components to 4elements
13:43:05,6.3e-06,done REDSVD
13:43:05,5.2e-06,SVD factorization complete
13:43:05,0.0001525,commencing linear algebra multiplication to compute ugrade
13:43:05,8.8e-06,S info: rows = 13: cols = 13: size = 169: nonzeros = 5Vt info: rows = 4: cols = 13: size = 52: nonzeros = 20
13:43:05,7.3e-06,U info: rows = 13: cols = 4: size = 52: nonzeros = 20
13:43:05,6.6e-06,jac info: rows = 35: cols = 13: size = 455: nonzeros = 82
13:43:05,2.05e-05,linear algebra multiplication to compute ugrade complete
13:43:05,2.01e-05,commencing check of parameter bounds and gradients
13:43:05,0.0009329,beginning upgrade vector calculations, lambda = 0.1
13:43:05,6.16e-05,commencing calculation of upgrade vector
13:43:05,9.05e-05,forming JtQJ matrix
13:43:05,1.54e-05,commencing to scale JtQJ matrix- first SVD...
13:43:05,5.8e-06,starting REDSVD
13:43:05,3.02e-05,retrieving REDSVD components
13:43:05,9.3e-06,triming REDSVD components to 5elements
13:43:05,6.9e-06,done REDSVD
13:43:05,1.27e-05,S info: rows = 13: cols = 13: size = 169: nonzeros = 5
13:43:05,2.95e-05,JS
13:43:05,1.13e-05,JS.transpose() * q_mat * JS + lambda * S.transpose() * S
13:43:05,1.72e-05,S info: rows = 13: cols = 13: size = 169: nonzeros = 5
13:43:05,5.5e-06,commencing SVD factorization of lambda-scaled JtQJ
13:43:05,5.1e-06,starting REDSVD
13:43:05,3.07e-05,retrieving REDSVD components
13:43:05,8.8e-06,triming REDSVD components to 5elements
13:43:05,8e-06,done REDSVD
13:43:05,5.6e-06,SVD factorization complete
13:43:05,9.97e-05,commencing linear algebra multiplication to compute ugrade
13:43:05,7.2e-06,S info: rows = 13: cols = 13: size = 169: nonzeros = 5Vt info: rows = 5: cols = 13: size = 65: nonzeros = 25
13:43:05,6.7e-06,U info: rows = 13: cols = 5: size = 65: nonzeros = 25
13:43:05,6.6e-06,jac info: rows = 35: cols = 13: size = 455: nonzeros = 82
13:43:05,1.94e-05,linear algebra multiplication to compute ugrade complete
13:43:05,1.78e-05,commencing check of parameter bounds and gradients
13:43:05,8.1e-06,commencing calculation of upgrade vector
13:43:05,7.94e-05,forming JtQJ matrix
13:43:05,1.33e-05,commencing to scale JtQJ matrix- first SVD...
13:43:05,5.4e-06,starting REDSVD
13:43:05,2.76e-05,retrieving REDSVD components
13:43:05,8.3e-06,triming REDSVD components to 5elements
13:43:05,7.5e-06,done REDSVD
13:43:05,1.21e-05,S info: rows = 13: cols = 13: size = 169: nonzeros = 5
13:43:05,5e-06,JS
13:43:05,7.4e-06,JS.transpose() * q_mat * JS + lambda * S.transpose() * S
13:43:05,1.49e-05,S info: rows = 13: cols = 13: size = 169: nonzeros = 5
13:43:05,5.1e-06,commencing SVD factorization of lambda-scaled JtQJ
13:43:05,4.8e-06,starting REDSVD
13:43:05,2.86e-05,retrieving REDSVD components
13:43:05,8.1e-06,triming REDSVD components to 5elements
13:43:05,5.7e-06,done REDSVD
13:43:05,5.3e-06,SVD factorization complete
13:43:05,9.97e-05,commencing linear algebra multiplication to compute ugrade
13:43:05,6.8e-06,S info: rows = 13: cols = 13: size = 169: nonzeros = 5Vt info: rows = 5: cols = 13: size = 65: nonzeros = 25
13:43:05,6.5e-06,U info: rows = 13: cols = 5: size = 65: nonzeros = 25
13:43:05,6.5e-06,jac info: rows = 35: cols = 13: size = 455: nonzeros = 82
13:43:05,1.77e-05,linear algebra multiplication to compute ugrade complete
13:43:05,1.68e-05,commencing check of parameter bounds
13:43:05,6.8e-06,limiting out of bounds pars
13:43:05,1.64e-05,change limit/bound enforement for lambda 0.1: upper change limit,AWC, scaling factor: 4.54913e-36
13:43:05,0.0004568,checking for denormal floating point values
13:43:05,8.6e-06,transforming upgrade pars to model pars
13:43:05,7.4e-06,writing upgrade vector to csv file
13:43:05,0.0002281,beginning upgrade vector calculations, lambda = 1
13:43:05,5.33e-05,commencing calculation of upgrade vector
13:43:05,8.62e-05,forming JtQJ matrix
13:43:05,1.39e-05,commencing to scale JtQJ matrix- first SVD...
13:43:05,5.4e-06,starting REDSVD
13:43:05,2.96e-05,retrieving REDSVD components
13:43:05,8.5e-06,triming REDSVD components to 5elements
13:43:05,6.4e-06,done REDSVD
13:43:05,1.2e-05,S info: rows = 13: cols = 13: size = 169: nonzeros = 5
13:43:05,5.1e-06,JS
13:43:05,7.5e-06,JS.transpose() * q_mat * JS + lambda * S.transpose() * S
13:43:05,1.49e-05,S info: rows = 13: cols = 13: size = 169: nonzeros = 5
13:43:05,5.2e-06,commencing SVD factorization of lambda-scaled JtQJ
13:43:05,4.9e-06,starting REDSVD
13:43:05,2.86e-05,retrieving REDSVD components
13:43:05,8.3e-06,triming REDSVD components to 5elements
13:43:05,7.1e-06,done REDSVD
13:43:05,5.4e-06,SVD factorization complete
13:43:05,0.000126,commencing linear algebra multiplication to compute ugrade
13:43:05,8.1e-06,S info: rows = 13: cols = 13: size = 169: nonzeros = 5Vt info: rows = 5: cols = 13: size = 65: nonzeros = 25
13:43:05,6.8e-06,U info: rows = 13: cols = 5: size = 65: nonzeros = 25
13:43:05,6.6e-06,jac info: rows = 35: cols = 13: size = 455: nonzeros = 82
13:43:05,1.88e-05,linear algebra multiplication to compute ugrade complete
13:43:05,1.74e-05,commencing check of parameter bounds and gradients
13:43:05,2.13e-05,commencing calculation of upgrade vector
13:43:05,7.99e-05,forming JtQJ matrix
13:43:05,1.3e-05,commencing to scale JtQJ matrix- first SVD...
13:43:05,5.6e-06,starting REDSVD
13:43:05,2.77e-05,retrieving REDSVD components
13:43:05,8.6e-06,triming REDSVD components to 5elements
13:43:05,7.5e-06,done REDSVD
13:43:05,1.13e-05,S info: rows = 13: cols = 13: size = 169: nonzeros = 5
13:43:05,5.2e-06,JS
13:43:05,7.2e-06,JS.transpose() * q_mat * JS + lambda * S.transpose() * S
13:43:05,1.44e-05,S info: rows = 13: cols = 13: size = 169: nonzeros = 5
13:43:05,5e-06,commencing SVD factorization of lambda-scaled JtQJ
13:43:05,4.9e-06,starting REDSVD
13:43:05,2.79e-05,retrieving REDSVD components
13:43:05,8.9e-06,triming REDSVD components to 5elements
13:43:05,6.4e-06,done REDSVD
13:43:05,5.9e-06,SVD factorization complete
13:43:05,0.0001029,commencing linear algebra multiplication to compute ugrade
13:43:05,7.3e-06,S info: rows = 13: cols = 13: size = 169: nonzeros = 5Vt info: rows = 5: cols = 13: size = 65: nonzeros = 25
13:43:05,6.9e-06,U info: rows = 13: cols = 5: size = 65: nonzeros = 25
13:43:05,6.4e-06,jac info: rows = 35: cols = 13: size = 455: nonzeros = 82
13:43:05,1.84e-05,linear algebra multiplication to compute ugrade complete
13:43:05,1.59e-05,commencing check of parameter bounds
13:43:05,6.9e-06,limiting out of bounds pars
13:43:05,1.48e-05,change limit/bound enforement for lambda 1: upper change limit,EPCO, scaling factor: 2.84756e-10
13:43:05,0.0003853,checking for denormal floating point values
13:43:05,1.33e-05,transforming upgrade pars to model pars
13:43:05,8.3e-06,writing upgrade vector to csv file
13:43:05,0.000149,beginning upgrade vector calculations, lambda = 10
13:43:05,0.0024462,commencing calculation of upgrade vector
13:43:05,8.48e-05,forming JtQJ matrix
13:43:05,1.43e-05,commencing to scale JtQJ matrix- first SVD...
13:43:05,5.8e-06,starting REDSVD
13:43:05,2.9e-05,retrieving REDSVD components
13:43:05,8.8e-06,triming REDSVD components to 5elements
13:43:05,6.4e-06,done REDSVD
13:43:05,1.16e-05,S info: rows = 13: cols = 13: size = 169: nonzeros = 5
13:43:05,5.4e-06,JS
13:43:05,7.7e-06,JS.transpose() * q_mat * JS + lambda * S.transpose() * S
13:43:05,1.5e-05,S info: rows = 13: cols = 13: size = 169: nonzeros = 5
13:43:05,5.4e-06,commencing SVD factorization of lambda-scaled JtQJ
13:43:05,5e-06,starting REDSVD
13:43:05,2.75e-05,retrieving REDSVD components
13:43:05,8.1e-06,triming REDSVD components to 5elements
13:43:05,7e-06,done REDSVD
13:43:05,5.4e-06,SVD factorization complete
13:43:05,0.0001193,commencing linear algebra multiplication to compute ugrade
13:43:05,8.6e-06,S info: rows = 13: cols = 13: size = 169: nonzeros = 5Vt info: rows = 5: cols = 13: size = 65: nonzeros = 25
13:43:05,6.8e-06,U info: rows = 13: cols = 5: size = 65: nonzeros = 25
13:43:05,6.5e-06,jac info: rows = 35: cols = 13: size = 455: nonzeros = 82
13:43:05,1.95e-05,linear algebra multiplication to compute ugrade complete
13:43:05,1.72e-05,commencing check of parameter bounds and gradients
13:43:05,8.3e-06,commencing calculation of upgrade vector
13:43:05,7.54e-05,forming JtQJ matrix
13:43:05,1.23e-05,commencing to scale JtQJ matrix- first SVD...
13:43:05,5.2e-06,starting REDSVD
13:43:05,2.72e-05,retrieving REDSVD components
13:43:05,8.4e-06,triming REDSVD components to 5elements
13:43:05,7.5e-06,done REDSVD
13:43:05,1.11e-05,S info: rows = 13: cols = 13: size = 169: nonzeros = 5
13:43:05,5e-06,JS
13:43:05,7.1e-06,JS.transpose() * q_mat * JS + lambda * S.transpose() * S
13:43:05,1.39e-05,S info: rows = 13: cols = 13: size = 169: nonzeros = 5
13:43:05,5.1e-06,commencing SVD factorization of lambda-scaled JtQJ
13:43:05,4.9e-06,starting REDSVD
13:43:05,2.73e-05,retrieving REDSVD components
13:43:05,7.8e-06,triming REDSVD components to 5elements
13:43:05,5.6e-06,done REDSVD
13:43:05,5.3e-06,SVD factorization complete
13:43:05,9.67e-05,commencing linear algebra multiplication to compute ugrade
13:43:05,6.8e-06,S info: rows = 13: cols = 13: size = 169: nonzeros = 5Vt info: rows = 5: cols = 13: size = 65: nonzeros = 25
13:43:05,2.27e-05,U info: rows = 13: cols = 5: size = 65: nonzeros = 25
13:43:05,9e-06,jac info: rows = 35: cols = 13: size = 455: nonzeros = 82
13:43:05,1.85e-05,linear algebra multiplication to compute ugrade complete
13:43:05,1.58e-05,commencing check of parameter bounds
13:43:05,6.7e-06,limiting out of bounds pars
13:43:05,1.47e-05,change limit/bound enforement for lambda 10: upper change limit,EPCO, scaling factor: 0.000671583
13:43:05,0.0004826,checking for denormal floating point values
13:43:05,7.9e-06,transforming upgrade pars to model pars
13:43:05,7e-06,writing upgrade vector to csv file
13:43:05,0.000162,beginning upgrade vector calculations, lambda = 100
13:43:05,0.0001364,commencing calculation of upgrade vector
13:43:05,8.24e-05,forming JtQJ matrix
13:43:05,1.42e-05,commencing to scale JtQJ matrix- first SVD...
13:43:05,5.3e-06,starting REDSVD
13:43:05,2.85e-05,retrieving REDSVD components
13:43:05,8.3e-06,triming REDSVD components to 5elements
13:43:05,6.7e-06,done REDSVD
13:43:05,1.21e-05,S info: rows = 13: cols = 13: size = 169: nonzeros = 5
13:43:05,5.7e-06,JS
13:43:05,7.7e-06,JS.transpose() * q_mat * JS + lambda * S.transpose() * S
13:43:05,1.5e-05,S info: rows = 13: cols = 13: size = 169: nonzeros = 5
13:43:05,5.7e-06,commencing SVD factorization of lambda-scaled JtQJ
13:43:05,5.3e-06,starting REDSVD
13:43:05,2.79e-05,retrieving REDSVD components
13:43:05,8.4e-06,triming REDSVD components to 5elements
13:43:05,6.5e-06,done REDSVD
13:43:05,5.3e-06,SVD factorization complete
13:43:05,9.85e-05,commencing linear algebra multiplication to compute ugrade
13:43:05,6.7e-06,S info: rows = 13: cols = 13: size = 169: nonzeros = 5Vt info: rows = 5: cols = 13: size = 65: nonzeros = 25
13:43:05,6.5e-06,U info: rows = 13: cols = 5: size = 65: nonzeros = 25
13:43:05,6.3e-06,jac info: rows = 35: cols = 13: size = 455: nonzeros = 82
13:43:05,1.76e-05,linear algebra multiplication to compute ugrade complete
13:43:05,1.58e-05,commencing check of parameter bounds and gradients
13:43:05,8.4e-06,commencing calculation of upgrade vector
13:43:05,7.67e-05,forming JtQJ matrix
13:43:05,1.22e-05,commencing to scale JtQJ matrix- first SVD...
13:43:05,5.2e-06,starting REDSVD
13:43:05,2.68e-05,retrieving REDSVD components
13:43:05,8.1e-06,triming REDSVD components to 5elements
13:43:05,7.1e-06,done REDSVD
13:43:05,1.07e-05,S info: rows = 13: cols = 13: size = 169: nonzeros = 5
13:43:05,4.9e-06,JS
13:43:05,7.2e-06,JS.transpose() * q_mat * JS + lambda * S.transpose() * S
13:43:05,1.4e-05,S info: rows = 13: cols = 13: size = 169: nonzeros = 5
13:43:05,5.1e-06,commencing SVD factorization of lambda-scaled JtQJ
13:43:05,4.7e-06,starting REDSVD
13:43:05,2.66e-05,retrieving REDSVD components
13:43:05,7.9e-06,triming REDSVD components to 5elements
13:43:05,5.8e-06,done REDSVD
13:43:05,5.2e-06,SVD factorization complete
13:43:05,0.0001165,commencing linear algebra multiplication to compute ugrade
13:43:05,8.2e-06,S info: rows = 13: cols = 13: size = 169: nonzeros = 5Vt info: rows = 5: cols = 13: size = 65: nonzeros = 25
13:43:05,6.6e-06,U info: rows = 13: cols = 5: size = 65: nonzeros = 25
13:43:05,6.4e-06,jac info: rows = 35: cols = 13: size = 455: nonzeros = 82
13:43:05,1.84e-05,linear algebra multiplication to compute ugrade complete
13:43:05,1.67e-05,commencing check of parameter bounds
13:43:05,6.8e-06,limiting out of bounds pars
13:43:05,1.45e-05,change limit/bound enforement for lambda 100: lower change limit,CANMX, scaling factor: 0.0939563
13:43:05,5.2e-06,checking for denormal floating point values
13:43:05,6e-06,transforming upgrade pars to model pars
13:43:05,6.4e-06,writing upgrade vector to csv file
13:43:05,0.0001294,beginning upgrade vector calculations, lambda = 1000
13:43:05,5.18e-05,commencing calculation of upgrade vector
13:43:05,8.21e-05,forming JtQJ matrix
13:43:05,1.35e-05,commencing to scale JtQJ matrix- first SVD...
13:43:05,5.2e-06,starting REDSVD
13:43:05,2.83e-05,retrieving REDSVD components
13:43:05,4.06e-05,triming REDSVD components to 5elements
13:43:05,9.6e-06,done REDSVD
13:43:05,1.33e-05,S info: rows = 13: cols = 13: size = 169: nonzeros = 5
13:43:05,5.9e-06,JS
13:43:05,7.9e-06,JS.transpose() * q_mat * JS + lambda * S.transpose() * S
13:43:05,2.25e-05,S info: rows = 13: cols = 13: size = 169: nonzeros = 5
13:43:05,7.8e-06,commencing SVD factorization of lambda-scaled JtQJ
13:43:05,6.2e-06,starting REDSVD
13:43:05,2.89e-05,retrieving REDSVD components
13:43:05,9e-06,triming REDSVD components to 5elements
13:43:05,6.8e-06,done REDSVD
13:43:05,5.3e-06,SVD factorization complete
13:43:05,9.76e-05,commencing linear algebra multiplication to compute ugrade
13:43:05,6.8e-06,S info: rows = 13: cols = 13: size = 169: nonzeros = 5Vt info: rows = 5: cols = 13: size = 65: nonzeros = 25
13:43:05,6.5e-06,U info: rows = 13: cols = 5: size = 65: nonzeros = 25
13:43:05,6.5e-06,jac info: rows = 35: cols = 13: size = 455: nonzeros = 82
13:43:05,1.8e-05,linear algebra multiplication to compute ugrade complete
13:43:05,1.62e-05,commencing check of parameter bounds and gradients
13:43:05,7.8e-06,commencing calculation of upgrade vector
13:43:05,7.28e-05,forming JtQJ matrix
13:43:05,1.25e-05,commencing to scale JtQJ matrix- first SVD...
13:43:05,5.2e-06,starting REDSVD
13:43:05,2.64e-05,retrieving REDSVD components
13:43:05,8e-06,triming REDSVD components to 5elements
13:43:05,6.9e-06,done REDSVD
13:43:05,1.06e-05,S info: rows = 13: cols = 13: size = 169: nonzeros = 5
13:43:05,4.9e-06,JS
13:43:05,6.9e-06,JS.transpose() * q_mat * JS + lambda * S.transpose() * S
13:43:05,1.38e-05,S info: rows = 13: cols = 13: size = 169: nonzeros = 5
13:43:05,5e-06,commencing SVD factorization of lambda-scaled JtQJ
13:43:05,4.8e-06,starting REDSVD
13:43:05,2.65e-05,retrieving REDSVD components
13:43:05,7.7e-06,triming REDSVD components to 5elements
13:43:05,5.7e-06,done REDSVD
13:43:05,5.1e-06,SVD factorization complete
13:43:05,9.71e-05,commencing linear algebra multiplication to compute ugrade
13:43:05,7.2e-06,S info: rows = 13: cols = 13: size = 169: nonzeros = 5Vt info: rows = 5: cols = 13: size = 65: nonzeros = 25
13:43:05,6.3e-06,U info: rows = 13: cols = 5: size = 65: nonzeros = 25
13:43:05,6.3e-06,jac info: rows = 35: cols = 13: size = 455: nonzeros = 82
13:43:05,1.7e-05,linear algebra multiplication to compute ugrade complete
13:43:05,1.6e-05,commencing check of parameter bounds
13:43:05,6.7e-06,limiting out of bounds pars
13:43:05,1.42e-05,change limit/bound enforement for lambda 1000: lower change limit,CANMX, scaling factor: 0.30828
13:43:05,5.3e-06,checking for denormal floating point values
13:43:05,6e-06,transforming upgrade pars to model pars
13:43:05,6.4e-06,writing upgrade vector to csv file
13:43:05,0.0004526,LinearAnalysis::glm_iter_fosm
13:43:05,4.94e-05,starting FOSM uncertainty analyses for iteration 1
13:43:05,0.0007869,loading obscov
13:43:05,3.84e-05,loading parcov
13:43:05,2.23e-05,set_predictions
13:43:05,1.46e-05,parameter fosm calcs
13:43:05,5.2e-06,LinearAnalysis::calc_posterior
13:43:05,5e-06,LinearAnalysis::align
13:43:05,7.78e-05,LinearAnalysis::prior_prediction_variance()::invert obscov
13:43:05,6.9e-06,inverting diagonal matrix in place
13:43:05,7.4e-06,LinearAnalysis::calc_posterior() form JtQJ
13:43:05,2.15e-05,LinearAnalysis::calc_posterior() invert prior parcov
13:43:05,1.55e-05,LinearAnalysis::calc_posterior() form posterior parcov
13:43:05,8.4e-06,LinearAnalysis::calc_posterior() invert posterior parcov
13:43:05,5.2e-06,inverting non-diagonal matrix in place
13:43:20,15.2831,completed iteration 2
13:43:20,0.0134876,beginning iteration 3
13:43:20,7.87e-05,commencing to build jacobian parameter sets
13:43:20,0.0015711,jacobian parameter sets built, commencing model runs
13:43:37,17.384,jacobian runs complete, processing runs
13:43:37,0.0011413,processing jacobian runs complete
13:43:37,1.03e-05,saving jacobian and sen files
13:43:37,0.0008559,commencing calculation of upgrade vector
13:43:37,0.0001305,forming JtQJ matrix
13:43:37,5.65e-05,commencing to scale JtQJ matrix- first SVD...
13:43:37,9e-06,starting REDSVD
13:43:37,3.71e-05,retrieving REDSVD components
13:43:37,1.09e-05,triming REDSVD components to 5elements
13:43:37,8.5e-06,done REDSVD
13:43:37,1.85e-05,S info: rows = 13: cols = 13: size = 169: nonzeros = 13
13:43:37,5.4e-06,JS
13:43:37,1.52e-05,JS.transpose() * q_mat * JS + lambda * S.transpose() * S
13:43:37,3.66e-05,S info: rows = 13: cols = 13: size = 169: nonzeros = 13
13:43:37,5.5e-06,commencing SVD factorization of lambda-scaled JtQJ
13:43:37,5e-06,starting REDSVD
13:43:37,2.75e-05,retrieving REDSVD components
13:43:37,9.2e-06,triming REDSVD components to 4elements
13:43:37,7.3e-06,done REDSVD
13:43:37,5.6e-06,SVD factorization complete
13:43:37,0.0001409,commencing linear algebra multiplication to compute ugrade
13:43:37,8.2e-06,S info: rows = 13: cols = 13: size = 169: nonzeros = 13Vt info: rows = 4: cols = 13: size = 52: nonzeros = 52
13:43:37,6.9e-06,U info: rows = 13: cols = 4: size = 52: nonzeros = 52
13:43:37,6.5e-06,jac info: rows = 35: cols = 13: size = 455: nonzeros = 455
13:43:37,2.29e-05,linear algebra multiplication to compute ugrade complete
13:43:37,1.88e-05,commencing check of parameter bounds and gradients
13:43:37,0.0005178,beginning upgrade vector calculations, lambda = 0.1
13:43:37,6.2e-05,commencing calculation of upgrade vector
13:43:37,0.0001294,forming JtQJ matrix
13:43:37,3.05e-05,commencing to scale JtQJ matrix- first SVD...
13:43:37,6.4e-06,starting REDSVD
13:43:37,3.1e-05,retrieving REDSVD components
13:43:37,1.04e-05,triming REDSVD components to 5elements
13:43:37,8.3e-06,done REDSVD
13:43:37,1.74e-05,S info: rows = 13: cols = 13: size = 169: nonzeros = 13
13:43:37,5e-06,JS
13:43:37,1.22e-05,JS.transpose() * q_mat * JS + lambda * S.transpose() * S
13:43:37,3.06e-05,S info: rows = 13: cols = 13: size = 169: nonzeros = 13
13:43:37,5.2e-06,commencing SVD factorization of lambda-scaled JtQJ
13:43:37,4.9e-06,starting REDSVD
13:43:37,2.75e-05,retrieving REDSVD components
13:43:37,9.1e-06,triming REDSVD components to 5elements
13:43:37,7.7e-06,done REDSVD
13:43:37,5.3e-06,SVD factorization complete
13:43:37,0.0001058,commencing linear algebra multiplication to compute ugrade
13:43:37,7e-06,S info: rows = 13: cols = 13: size = 169: nonzeros = 13Vt info: rows = 5: cols = 13: size = 65: nonzeros = 65
13:43:37,6.8e-06,U info: rows = 13: cols = 5: size = 65: nonzeros = 65
13:43:37,6.5e-06,jac info: rows = 35: cols = 13: size = 455: nonzeros = 455
13:43:37,2.09e-05,linear algebra multiplication to compute ugrade complete
13:43:37,1.83e-05,commencing check of parameter bounds and gradients
13:43:37,8.5e-06,commencing calculation of upgrade vector
13:43:37,0.0001161,forming JtQJ matrix
13:43:37,2.84e-05,commencing to scale JtQJ matrix- first SVD...
13:43:37,5.5e-06,starting REDSVD
13:43:37,2.75e-05,retrieving REDSVD components
13:43:37,9.1e-06,triming REDSVD components to 5elements
13:43:37,7.4e-06,done REDSVD
13:43:37,1.61e-05,S info: rows = 13: cols = 13: size = 169: nonzeros = 13
13:43:37,5.1e-06,JS
13:43:37,1.15e-05,JS.transpose() * q_mat * JS + lambda * S.transpose() * S
13:43:37,3.04e-05,S info: rows = 13: cols = 13: size = 169: nonzeros = 13
13:43:37,5.2e-06,commencing SVD factorization of lambda-scaled JtQJ
13:43:37,4.7e-06,starting REDSVD
13:43:37,2.7e-05,retrieving REDSVD components
13:43:37,8.7e-06,triming REDSVD components to 5elements
13:43:37,7.1e-06,done REDSVD
13:43:37,5.2e-06,SVD factorization complete
13:43:37,0.0001044,commencing linear algebra multiplication to compute ugrade
13:43:37,6.7e-06,S info: rows = 13: cols = 13: size = 169: nonzeros = 13Vt info: rows = 5: cols = 13: size = 65: nonzeros = 65
13:43:37,6.4e-06,U info: rows = 13: cols = 5: size = 65: nonzeros = 65
13:43:37,6.4e-06,jac info: rows = 35: cols = 13: size = 455: nonzeros = 455
13:43:37,2.02e-05,linear algebra multiplication to compute ugrade complete
13:43:37,1.67e-05,commencing check of parameter bounds
13:43:37,7.2e-06,limiting out of bounds pars
13:43:37,3.86e-05,change limit/bound enforement for lambda 0.1: upper change limit,EPCO, scaling factor: 6.88922e-25
13:43:37,0.0004174,checking for denormal floating point values
13:43:37,8.8e-06,transforming upgrade pars to model pars
13:43:37,7.2e-06,writing upgrade vector to csv file
13:43:37,0.0001902,beginning upgrade vector calculations, lambda = 1
13:43:37,6.63e-05,commencing calculation of upgrade vector
13:43:37,0.0001245,forming JtQJ matrix
13:43:37,3.01e-05,commencing to scale JtQJ matrix- first SVD...
13:43:37,6.1e-06,starting REDSVD
13:43:37,3.1e-05,retrieving REDSVD components
13:43:37,1.04e-05,triming REDSVD components to 5elements
13:43:37,8.1e-06,done REDSVD
13:43:37,1.72e-05,S info: rows = 13: cols = 13: size = 169: nonzeros = 13
13:43:37,5e-06,JS
13:43:37,1.2e-05,JS.transpose() * q_mat * JS + lambda * S.transpose() * S
13:43:37,3.98e-05,S info: rows = 13: cols = 13: size = 169: nonzeros = 13
13:43:37,5.5e-06,commencing SVD factorization of lambda-scaled JtQJ
13:43:37,5.3e-06,starting REDSVD
13:43:37,2.81e-05,retrieving REDSVD components
13:43:37,8.9e-06,triming REDSVD components to 5elements
13:43:37,7.4e-06,done REDSVD
13:43:37,5.4e-06,SVD factorization complete
13:43:37,0.0001279,commencing linear algebra multiplication to compute ugrade
13:43:37,7.8e-06,S info: rows = 13: cols = 13: size = 169: nonzeros = 13Vt info: rows = 5: cols = 13: size = 65: nonzeros = 65
13:43:37,6.8e-06,U info: rows = 13: cols = 5: size = 65: nonzeros = 65
13:43:37,6.5e-06,jac info: rows = 35: cols = 13: size = 455: nonzeros = 455
13:43:37,2.17e-05,linear algebra multiplication to compute ugrade complete
13:43:37,1.78e-05,commencing check of parameter bounds and gradients
13:43:37,7.9e-06,commencing calculation of upgrade vector
13:43:37,0.0001169,forming JtQJ matrix
13:43:37,2.92e-05,commencing to scale JtQJ matrix- first SVD...
13:43:37,5.2e-06,starting REDSVD
13:43:37,2.8e-05,retrieving REDSVD components
13:43:37,9.1e-06,triming REDSVD components to 5elements
13:43:37,7.7e-06,done REDSVD
13:43:37,1.63e-05,S info: rows = 13: cols = 13: size = 169: nonzeros = 13
13:43:37,5.2e-06,JS
13:43:37,1.16e-05,JS.transpose() * q_mat * JS + lambda * S.transpose() * S
13:43:37,3.59e-05,S info: rows = 13: cols = 13: size = 169: nonzeros = 13
13:43:37,5.6e-06,commencing SVD factorization of lambda-scaled JtQJ
13:43:37,4.9e-06,starting REDSVD
13:43:37,2.75e-05,retrieving REDSVD components
13:43:37,8.7e-06,triming REDSVD components to 5elements
13:43:37,7.1e-06,done REDSVD
13:43:37,5.2e-06,SVD factorization complete
13:43:37,0.0001037,commencing linear algebra multiplication to compute ugrade
13:43:37,6.6e-06,S info: rows = 13: cols = 13: size = 169: nonzeros = 13Vt info: rows = 5: cols = 13: size = 65: nonzeros = 65
13:43:37,6.4e-06,U info: rows = 13: cols = 5: size = 65: nonzeros = 65
13:43:37,6.5e-06,jac info: rows = 35: cols = 13: size = 455: nonzeros = 455
13:43:37,2.05e-05,linear algebra multiplication to compute ugrade complete
13:43:37,1.64e-05,commencing check of parameter bounds
13:43:37,7.2e-06,limiting out of bounds pars
13:43:37,1.54e-05,change limit/bound enforement for lambda 1: lower change limit,AWC, scaling factor: 0.0909091
13:43:37,6.1e-06,checking for denormal floating point values
13:43:37,6.6e-06,transforming upgrade pars to model pars
13:43:37,6.3e-06,writing upgrade vector to csv file
13:43:37,0.0001645,beginning upgrade vector calculations, lambda = 10
13:43:37,4.55e-05,commencing calculation of upgrade vector
13:43:37,0.0001279,forming JtQJ matrix
13:43:37,2.97e-05,commencing to scale JtQJ matrix- first SVD...
13:43:37,6.2e-06,starting REDSVD
13:43:37,2.94e-05,retrieving REDSVD components
13:43:37,1e-05,triming REDSVD components to 5elements
13:43:37,7.9e-06,done REDSVD
13:43:37,1.66e-05,S info: rows = 13: cols = 13: size = 169: nonzeros = 13
13:43:37,5.2e-06,JS
13:43:37,1.34e-05,JS.transpose() * q_mat * JS + lambda * S.transpose() * S
13:43:37,3.59e-05,S info: rows = 13: cols = 13: size = 169: nonzeros = 13
13:43:37,5.5e-06,commencing SVD factorization of lambda-scaled JtQJ
13:43:37,2.04e-05,starting REDSVD
13:43:37,3.16e-05,retrieving REDSVD components
13:43:37,9.9e-06,triming REDSVD components to 5elements
13:43:37,7.6e-06,done REDSVD
13:43:37,5.3e-06,SVD factorization complete
13:43:37,0.0001071,commencing linear algebra multiplication to compute ugrade
13:43:37,7.2e-06,S info: rows = 13: cols = 13: size = 169: nonzeros = 13Vt info: rows = 5: cols = 13: size = 65: nonzeros = 65
13:43:37,6.7e-06,U info: rows = 13: cols = 5: size = 65: nonzeros = 65
13:43:37,6.7e-06,jac info: rows = 35: cols = 13: size = 455: nonzeros = 455
13:43:37,2.09e-05,linear algebra multiplication to compute ugrade complete
13:43:37,1.78e-05,commencing check of parameter bounds and gradients
13:43:37,8.1e-06,commencing calculation of upgrade vector
13:43:37,0.0001154,forming JtQJ matrix
13:43:37,2.84e-05,commencing to scale JtQJ matrix- first SVD...
13:43:37,5.3e-06,starting REDSVD
13:43:37,2.74e-05,retrieving REDSVD components
13:43:37,9.2e-06,triming REDSVD components to 5elements
13:43:37,7.5e-06,done REDSVD
13:43:37,1.63e-05,S info: rows = 13: cols = 13: size = 169: nonzeros = 13
13:43:37,5.1e-06,JS
13:43:37,1.14e-05,JS.transpose() * q_mat * JS + lambda * S.transpose() * S
13:43:37,3.01e-05,S info: rows = 13: cols = 13: size = 169: nonzeros = 13
13:43:37,5.4e-06,commencing SVD factorization of lambda-scaled JtQJ
13:43:37,4.9e-06,starting REDSVD
13:43:37,2.73e-05,retrieving REDSVD components
13:43:37,8.7e-06,triming REDSVD components to 5elements
13:43:37,7.1e-06,done REDSVD
13:43:37,5.2e-06,SVD factorization complete
13:43:37,0.0001237,commencing linear algebra multiplication to compute ugrade
13:43:37,7.7e-06,S info: rows = 13: cols = 13: size = 169: nonzeros = 13Vt info: rows = 5: cols = 13: size = 65: nonzeros = 65
13:43:37,6.5e-06,U info: rows = 13: cols = 5: size = 65: nonzeros = 65
13:43:37,6.4e-06,jac info: rows = 35: cols = 13: size = 455: nonzeros = 455
13:43:37,2.1e-05,linear algebra multiplication to compute ugrade complete
13:43:37,1.66e-05,commencing check of parameter bounds
13:43:37,7.1e-06,limiting out of bounds pars
13:43:37,1.53e-05,change limit/bound enforement for lambda 10: lower change limit,ESCO, scaling factor: 0.0909091
13:43:37,5.9e-06,checking for denormal floating point values
13:43:37,6.6e-06,transforming upgrade pars to model pars
13:43:37,6.3e-06,writing upgrade vector to csv file
13:43:37,0.0001473,beginning upgrade vector calculations, lambda = 100
13:43:37,4.53e-05,commencing calculation of upgrade vector
13:43:37,0.0001224,forming JtQJ matrix
13:43:37,3.09e-05,commencing to scale JtQJ matrix- first SVD...
13:43:37,5.6e-06,starting REDSVD
13:43:37,2.88e-05,retrieving REDSVD components
13:43:37,9.3e-06,triming REDSVD components to 5elements
13:43:37,7.8e-06,done REDSVD
13:43:37,2.06e-05,S info: rows = 13: cols = 13: size = 169: nonzeros = 13
13:43:37,5.4e-06,JS
13:43:37,1.18e-05,JS.transpose() * q_mat * JS + lambda * S.transpose() * S
13:43:37,3.13e-05,S info: rows = 13: cols = 13: size = 169: nonzeros = 13
13:43:37,5.4e-06,commencing SVD factorization of lambda-scaled JtQJ
13:43:37,5e-06,starting REDSVD
13:43:37,2.88e-05,retrieving REDSVD components
13:43:37,8.9e-06,triming REDSVD components to 5elements
13:43:37,7.1e-06,done REDSVD
13:43:37,5.3e-06,SVD factorization complete
13:43:37,0.0001048,commencing linear algebra multiplication to compute ugrade
13:43:37,6.9e-06,S info: rows = 13: cols = 13: size = 169: nonzeros = 13Vt info: rows = 5: cols = 13: size = 65: nonzeros = 65
13:43:37,6.6e-06,U info: rows = 13: cols = 5: size = 65: nonzeros = 65
13:43:37,6.5e-06,jac info: rows = 35: cols = 13: size = 455: nonzeros = 455
13:43:37,2.06e-05,linear algebra multiplication to compute ugrade complete
13:43:37,1.65e-05,commencing check of parameter bounds and gradients
13:43:37,8.9e-06,commencing calculation of upgrade vector
13:43:37,0.0001152,forming JtQJ matrix
13:43:37,2.82e-05,commencing to scale JtQJ matrix- first SVD...
13:43:37,5.2e-06,starting REDSVD
13:43:37,2.72e-05,retrieving REDSVD components
13:43:37,2.68e-05,triming REDSVD components to 5elements
13:43:37,1.03e-05,done REDSVD
13:43:37,1.7e-05,S info: rows = 13: cols = 13: size = 169: nonzeros = 13
13:43:37,5.4e-06,JS
13:43:37,1.15e-05,JS.transpose() * q_mat * JS + lambda * S.transpose() * S
13:43:37,2.98e-05,S info: rows = 13: cols = 13: size = 169: nonzeros = 13
13:43:37,5.2e-06,commencing SVD factorization of lambda-scaled JtQJ
13:43:37,5.3e-06,starting REDSVD
13:43:37,2.87e-05,retrieving REDSVD components
13:43:37,9.5e-06,triming REDSVD components to 5elements
13:43:37,7e-06,done REDSVD
13:43:37,5.5e-06,SVD factorization complete
13:43:37,0.0001076,commencing linear algebra multiplication to compute ugrade
13:43:37,7.3e-06,S info: rows = 13: cols = 13: size = 169: nonzeros = 13Vt info: rows = 5: cols = 13: size = 65: nonzeros = 65
13:43:37,6.8e-06,U info: rows = 13: cols = 5: size = 65: nonzeros = 65
13:43:37,6.9e-06,jac info: rows = 35: cols = 13: size = 455: nonzeros = 455
13:43:37,2.09e-05,linear algebra multiplication to compute ugrade complete
13:43:37,1.75e-05,commencing check of parameter bounds
13:43:37,7e-06,limiting out of bounds pars
13:43:37,1.49e-05,change limit/bound enforement for lambda 100: lower change limit,EPCO, scaling factor: 0.0911015
13:43:37,5.8e-06,checking for denormal floating point values
13:43:37,6.5e-06,transforming upgrade pars to model pars
13:43:37,7.7e-06,writing upgrade vector to csv file
13:43:37,0.0001549,beginning upgrade vector calculations, lambda = 1000
13:43:37,4.75e-05,commencing calculation of upgrade vector
13:43:37,0.000122,forming JtQJ matrix
13:43:37,3.03e-05,commencing to scale JtQJ matrix- first SVD...
13:43:37,5.6e-06,starting REDSVD
13:43:37,2.89e-05,retrieving REDSVD components
13:43:37,9.5e-06,triming REDSVD components to 5elements
13:43:37,7.8e-06,done REDSVD
13:43:37,1.57e-05,S info: rows = 13: cols = 13: size = 169: nonzeros = 13
13:43:37,5.2e-06,JS
13:43:37,1.17e-05,JS.transpose() * q_mat * JS + lambda * S.transpose() * S
13:43:37,2.93e-05,S info: rows = 13: cols = 13: size = 169: nonzeros = 13
13:43:37,5.3e-06,commencing SVD factorization of lambda-scaled JtQJ
13:43:37,4.9e-06,starting REDSVD
13:43:37,2.86e-05,retrieving REDSVD components
13:43:37,9.3e-06,triming REDSVD components to 5elements
13:43:37,7.1e-06,done REDSVD
13:43:37,5.6e-06,SVD factorization complete
13:43:37,0.0001319,commencing linear algebra multiplication to compute ugrade
13:43:37,8.1e-06,S info: rows = 13: cols = 13: size = 169: nonzeros = 13Vt info: rows = 5: cols = 13: size = 65: nonzeros = 65
13:43:37,7e-06,U info: rows = 13: cols = 5: size = 65: nonzeros = 65
13:43:37,6.7e-06,jac info: rows = 35: cols = 13: size = 455: nonzeros = 455
13:43:37,2.14e-05,linear algebra multiplication to compute ugrade complete
13:43:37,1.7e-05,commencing check of parameter bounds and gradients
13:43:37,9.2e-06,commencing calculation of upgrade vector
13:43:37,0.0001348,forming JtQJ matrix
13:43:37,3.11e-05,commencing to scale JtQJ matrix- first SVD...
13:43:37,6.1e-06,starting REDSVD
13:43:37,2.8e-05,retrieving REDSVD components
13:43:37,9.2e-06,triming REDSVD components to 5elements
13:43:37,7.2e-06,done REDSVD
13:43:37,1.53e-05,S info: rows = 13: cols = 13: size = 169: nonzeros = 13
13:43:37,5.2e-06,JS
13:43:37,1.16e-05,JS.transpose() * q_mat * JS + lambda * S.transpose() * S
13:43:37,3.22e-05,S info: rows = 13: cols = 13: size = 169: nonzeros = 13
13:43:37,5.5e-06,commencing SVD factorization of lambda-scaled JtQJ
13:43:37,4.8e-06,starting REDSVD
13:43:37,2.82e-05,retrieving REDSVD components
13:43:37,8.8e-06,triming REDSVD components to 5elements
13:43:37,7e-06,done REDSVD
13:43:37,5.3e-06,SVD factorization complete
13:43:37,0.0001053,commencing linear algebra multiplication to compute ugrade
13:43:37,7.2e-06,S info: rows = 13: cols = 13: size = 169: nonzeros = 13Vt info: rows = 5: cols = 13: size = 65: nonzeros = 65
13:43:37,6.9e-06,U info: rows = 13: cols = 5: size = 65: nonzeros = 65
13:43:37,6.7e-06,jac info: rows = 35: cols = 13: size = 455: nonzeros = 455
13:43:37,3.83e-05,linear algebra multiplication to compute ugrade complete
13:43:37,2.09e-05,commencing check of parameter bounds
13:43:37,7e-06,limiting out of bounds pars
13:43:37,1.5e-05,change limit/bound enforement for lambda 1000: lower change limit,EPCO, scaling factor: 0.185275
13:43:37,5.6e-06,checking for denormal floating point values
13:43:37,6.5e-06,transforming upgrade pars to model pars
13:43:37,7.4e-06,writing upgrade vector to csv file
13:43:37,0.0003007,LinearAnalysis::glm_iter_fosm
13:43:37,4.96e-05,starting FOSM uncertainty analyses for iteration 2
13:43:37,0.0006376,loading obscov
13:43:37,3.94e-05,loading parcov
13:43:37,2.33e-05,set_predictions
13:43:37,1.49e-05,parameter fosm calcs
13:43:37,5.2e-06,LinearAnalysis::calc_posterior
13:43:37,5.1e-06,LinearAnalysis::align
13:43:37,7.9e-05,LinearAnalysis::prior_prediction_variance()::invert obscov
13:43:37,7.7e-06,inverting diagonal matrix in place
13:43:37,7.6e-06,LinearAnalysis::calc_posterior() form JtQJ
13:43:37,3.85e-05,LinearAnalysis::calc_posterior() invert prior parcov
13:43:37,1.79e-05,LinearAnalysis::calc_posterior() form posterior parcov
13:43:37,1.12e-05,LinearAnalysis::calc_posterior() invert posterior parcov
13:43:37,5.4e-06,inverting non-diagonal matrix in place
13:43:52,14.3074,completed iteration 3
13:43:52,0.0140949,beginning iteration 4
13:43:52,8.26e-05,commencing to build jacobian parameter sets
13:43:52,0.0017797,jacobian parameter sets built, commencing model runs
13:44:09,17.3762,jacobian runs complete, processing runs
13:44:09,0.000968,processing jacobian runs complete
13:44:09,9.8e-06,saving jacobian and sen files
13:44:09,0.0016147,commencing calculation of upgrade vector
13:44:09,0.0001382,forming JtQJ matrix
13:44:09,3.26e-05,commencing to scale JtQJ matrix- first SVD...
13:44:09,6.3e-06,starting REDSVD
13:44:09,3.87e-05,retrieving REDSVD components
13:44:09,1.1e-05,triming REDSVD components to 5elements
13:44:09,8.7e-06,done REDSVD
13:44:09,1.79e-05,S info: rows = 13: cols = 13: size = 169: nonzeros = 13
13:44:09,5.3e-06,JS
13:44:09,1.25e-05,JS.transpose() * q_mat * JS + lambda * S.transpose() * S
13:44:09,3.19e-05,S info: rows = 13: cols = 13: size = 169: nonzeros = 13
13:44:09,5.4e-06,commencing SVD factorization of lambda-scaled JtQJ
13:44:09,5e-06,starting REDSVD
13:44:09,2.92e-05,retrieving REDSVD components
13:44:09,9.6e-06,triming REDSVD components to 5elements
13:44:09,7.8e-06,done REDSVD
13:44:09,5.7e-06,SVD factorization complete
13:44:09,0.0001382,commencing linear algebra multiplication to compute ugrade
13:44:09,9e-06,S info: rows = 13: cols = 13: size = 169: nonzeros = 13Vt info: rows = 5: cols = 13: size = 65: nonzeros = 65
13:44:09,7.2e-06,U info: rows = 13: cols = 5: size = 65: nonzeros = 65
13:44:09,6.8e-06,jac info: rows = 35: cols = 13: size = 455: nonzeros = 455
13:44:09,2.24e-05,linear algebra multiplication to compute ugrade complete
13:44:09,2.14e-05,commencing check of parameter bounds and gradients
13:44:09,0.0009991,beginning upgrade vector calculations, lambda = 0.1
13:44:09,6.62e-05,commencing calculation of upgrade vector
13:44:09,0.0001337,forming JtQJ matrix
13:44:09,3.03e-05,commencing to scale JtQJ matrix- first SVD...
13:44:09,6e-06,starting REDSVD
13:44:09,3.12e-05,retrieving REDSVD components
13:44:09,1.03e-05,triming REDSVD components to 5elements
13:44:09,7.4e-06,done REDSVD
13:44:09,1.67e-05,S info: rows = 13: cols = 13: size = 169: nonzeros = 13
13:44:09,5e-06,JS
13:44:09,1.2e-05,JS.transpose() * q_mat * JS + lambda * S.transpose() * S
13:44:09,3.38e-05,S info: rows = 13: cols = 13: size = 169: nonzeros = 13
13:44:09,5.4e-06,commencing SVD factorization of lambda-scaled JtQJ
13:44:09,5e-06,starting REDSVD
13:44:09,2.87e-05,retrieving REDSVD components
13:44:09,9.7e-06,triming REDSVD components to 5elements
13:44:09,6.7e-06,done REDSVD
13:44:09,5.2e-06,SVD factorization complete
13:44:09,0.0001065,commencing linear algebra multiplication to compute ugrade
13:44:09,7.2e-06,S info: rows = 13: cols = 13: size = 169: nonzeros = 13Vt info: rows = 5: cols = 13: size = 65: nonzeros = 65
13:44:09,3.29e-05,U info: rows = 13: cols = 5: size = 65: nonzeros = 65
13:44:09,9.6e-06,jac info: rows = 35: cols = 13: size = 455: nonzeros = 455
13:44:09,2.29e-05,linear algebra multiplication to compute ugrade complete
13:44:09,1.91e-05,commencing check of parameter bounds and gradients
13:44:09,8.6e-06,commencing calculation of upgrade vector
13:44:09,0.0001222,forming JtQJ matrix
13:44:09,2.79e-05,commencing to scale JtQJ matrix- first SVD...
13:44:09,5.5e-06,starting REDSVD
13:44:09,2.89e-05,retrieving REDSVD components
13:44:09,9.4e-06,triming REDSVD components to 5elements
13:44:09,7e-06,done REDSVD
13:44:09,1.54e-05,S info: rows = 13: cols = 13: size = 169: nonzeros = 13
13:44:09,5.1e-06,JS
13:44:09,1.17e-05,JS.transpose() * q_mat * JS + lambda * S.transpose() * S
13:44:09,2.93e-05,S info: rows = 13: cols = 13: size = 169: nonzeros = 13
13:44:09,5.2e-06,commencing SVD factorization of lambda-scaled JtQJ
13:44:09,4.8e-06,starting REDSVD
13:44:09,2.81e-05,retrieving REDSVD components
13:44:09,8.6e-06,triming REDSVD components to 5elements
13:44:09,6.6e-06,done REDSVD
13:44:09,5.2e-06,SVD factorization complete
13:44:09,0.0001052,commencing linear algebra multiplication to compute ugrade
13:44:09,7e-06,S info: rows = 13: cols = 13: size = 169: nonzeros = 13Vt info: rows = 5: cols = 13: size = 65: nonzeros = 65
13:44:09,6.7e-06,U info: rows = 13: cols = 5: size = 65: nonzeros = 65
13:44:09,6.6e-06,jac info: rows = 35: cols = 13: size = 455: nonzeros = 455
13:44:09,2.07e-05,linear algebra multiplication to compute ugrade complete
13:44:09,1.73e-05,commencing check of parameter bounds
13:44:09,6.8e-06,limiting out of bounds pars
13:44:09,1.71e-05,change limit/bound enforement for lambda 0.1: upper change limit,ESCO, scaling factor: 1.32714e-141
13:44:09,0.0004851,checking for denormal floating point values
13:44:09,8.3e-06,transforming upgrade pars to model pars
13:44:09,7e-06,writing upgrade vector to csv file
13:44:09,0.0002078,beginning upgrade vector calculations, lambda = 1
13:44:09,6.15e-05,commencing calculation of upgrade vector
13:44:09,0.0001278,forming JtQJ matrix
13:44:09,2.94e-05,commencing to scale JtQJ matrix- first SVD...
13:44:09,5.7e-06,starting REDSVD
13:44:09,3.01e-05,retrieving REDSVD components
13:44:09,9.4e-06,triming REDSVD components to 5elements
13:44:09,7.1e-06,done REDSVD
13:44:09,1.55e-05,S info: rows = 13: cols = 13: size = 169: nonzeros = 13
13:44:09,5.2e-06,JS
13:44:09,1.17e-05,JS.transpose() * q_mat * JS + lambda * S.transpose() * S
13:44:09,3.32e-05,S info: rows = 13: cols = 13: size = 169: nonzeros = 13
13:44:09,5.6e-06,commencing SVD factorization of lambda-scaled JtQJ
13:44:09,4.9e-06,starting REDSVD
13:44:09,2.83e-05,retrieving REDSVD components
13:44:09,8.7e-06,triming REDSVD components to 5elements
13:44:09,6.8e-06,done REDSVD
13:44:09,5.4e-06,SVD factorization complete
13:44:09,0.0001252,commencing linear algebra multiplication to compute ugrade
13:44:09,8.1e-06,S info: rows = 13: cols = 13: size = 169: nonzeros = 13Vt info: rows = 5: cols = 13: size = 65: nonzeros = 65
13:44:09,6.8e-06,U info: rows = 13: cols = 5: size = 65: nonzeros = 65
13:44:09,6.5e-06,jac info: rows = 35: cols = 13: size = 455: nonzeros = 455
13:44:09,2.13e-05,linear algebra multiplication to compute ugrade complete
13:44:09,1.8e-05,commencing check of parameter bounds and gradients
13:44:09,8.2e-06,commencing calculation of upgrade vector
13:44:09,0.0001206,forming JtQJ matrix
13:44:09,2.75e-05,commencing to scale JtQJ matrix- first SVD...
13:44:09,5.3e-06,starting REDSVD
13:44:09,2.83e-05,retrieving REDSVD components
13:44:09,9.3e-06,triming REDSVD components to 5elements
13:44:09,7e-06,done REDSVD
13:44:09,1.54e-05,S info: rows = 13: cols = 13: size = 169: nonzeros = 13
13:44:09,5e-06,JS
13:44:09,1.16e-05,JS.transpose() * q_mat * JS + lambda * S.transpose() * S
13:44:09,2.97e-05,S info: rows = 13: cols = 13: size = 169: nonzeros = 13
13:44:09,6.9e-06,commencing SVD factorization of lambda-scaled JtQJ
13:44:09,3.92e-05,starting REDSVD
13:44:09,3.34e-05,retrieving REDSVD components
13:44:09,9.6e-06,triming REDSVD components to 5elements
13:44:09,7.2e-06,done REDSVD
13:44:09,5.5e-06,SVD factorization complete
13:44:09,0.0001063,commencing linear algebra multiplication to compute ugrade
13:44:09,7.1e-06,S info: rows = 13: cols = 13: size = 169: nonzeros = 13Vt info: rows = 5: cols = 13: size = 65: nonzeros = 65
13:44:09,6.8e-06,U info: rows = 13: cols = 5: size = 65: nonzeros = 65
13:44:09,6.7e-06,jac info: rows = 35: cols = 13: size = 455: nonzeros = 455
13:44:09,2.09e-05,linear algebra multiplication to compute ugrade complete
13:44:09,1.75e-05,commencing check of parameter bounds
13:44:09,6.7e-06,limiting out of bounds pars
13:44:09,1.54e-05,change limit/bound enforement for lambda 1: upper change limit,AWC, scaling factor: 9.06799e-47
13:44:09,0.0027464,checking for denormal floating point values
13:44:09,1.26e-05,transforming upgrade pars to model pars
13:44:09,1.08e-05,writing upgrade vector to csv file
13:44:09,0.0002111,beginning upgrade vector calculations, lambda = 10
13:44:09,9.61e-05,commencing calculation of upgrade vector
13:44:09,0.0001925,forming JtQJ matrix
13:44:09,4.37e-05,commencing to scale JtQJ matrix- first SVD...
13:44:09,8.4e-06,starting REDSVD
13:44:09,4.53e-05,retrieving REDSVD components
13:44:09,1.39e-05,triming REDSVD components to 5elements
13:44:09,1.05e-05,done REDSVD
13:44:09,2.31e-05,S info: rows = 13: cols = 13: size = 169: nonzeros = 13
13:44:09,7.5e-06,JS
13:44:09,1.77e-05,JS.transpose() * q_mat * JS + lambda * S.transpose() * S
13:44:09,4.5e-05,S info: rows = 13: cols = 13: size = 169: nonzeros = 13
13:44:09,7e-06,commencing SVD factorization of lambda-scaled JtQJ
13:44:09,5.1e-06,starting REDSVD
13:44:09,2.76e-05,retrieving REDSVD components
13:44:09,8.4e-06,triming REDSVD components to 5elements
13:44:09,6.6e-06,done REDSVD
13:44:09,5.4e-06,SVD factorization complete
13:44:09,0.0001067,commencing linear algebra multiplication to compute ugrade
13:44:09,6.8e-06,S info: rows = 13: cols = 13: size = 169: nonzeros = 13Vt info: rows = 5: cols = 13: size = 65: nonzeros = 65
13:44:09,6.6e-06,U info: rows = 13: cols = 5: size = 65: nonzeros = 65
13:44:09,6.4e-06,jac info: rows = 35: cols = 13: size = 455: nonzeros = 455
13:44:09,2.03e-05,linear algebra multiplication to compute ugrade complete
13:44:09,1.71e-05,commencing check of parameter bounds and gradients
13:44:09,8.1e-06,commencing calculation of upgrade vector
13:44:09,0.0001261,forming JtQJ matrix
13:44:09,0.0001806,commencing to scale JtQJ matrix- first SVD...
13:44:09,5.5e-06,starting REDSVD
13:44:09,2.78e-05,retrieving REDSVD components
13:44:09,8.9e-06,triming REDSVD components to 5elements
13:44:09,7e-06,done REDSVD
13:44:09,1.47e-05,S info: rows = 13: cols = 13: size = 169: nonzeros = 13
13:44:09,4.9e-06,JS
13:44:09,1.16e-05,JS.transpose() * q_mat * JS + lambda * S.transpose() * S
13:44:09,2.85e-05,S info: rows = 13: cols = 13: size = 169: nonzeros = 13
13:44:09,5.3e-06,commencing SVD factorization of lambda-scaled JtQJ
13:44:09,4.8e-06,starting REDSVD
13:44:09,2.71e-05,retrieving REDSVD components
13:44:09,8.3e-06,triming REDSVD components to 5elements
13:44:09,6.5e-06,done REDSVD
13:44:09,5.3e-06,SVD factorization complete
13:44:09,0.0001249,commencing linear algebra multiplication to compute ugrade
13:44:09,7.9e-06,S info: rows = 13: cols = 13: size = 169: nonzeros = 13Vt info: rows = 5: cols = 13: size = 65: nonzeros = 65
13:44:09,6.5e-06,U info: rows = 13: cols = 5: size = 65: nonzeros = 65
13:44:09,6.4e-06,jac info: rows = 35: cols = 13: size = 455: nonzeros = 455
13:44:09,2.08e-05,linear algebra multiplication to compute ugrade complete
13:44:09,1.72e-05,commencing check of parameter bounds
13:44:09,6.7e-06,limiting out of bounds pars
13:44:09,1.5e-05,change limit/bound enforement for lambda 10: upper change limit,AWC, scaling factor: 2.3742e-05
13:44:09,0.0004533,checking for denormal floating point values
13:44:09,4.42e-05,transforming upgrade pars to model pars
13:44:09,1.07e-05,writing upgrade vector to csv file
13:44:09,0.0001447,beginning upgrade vector calculations, lambda = 100
13:44:09,0.0001057,commencing calculation of upgrade vector
13:44:09,0.0001269,forming JtQJ matrix
13:44:09,2.86e-05,commencing to scale JtQJ matrix- first SVD...
13:44:09,5.7e-06,starting REDSVD
13:44:09,2.95e-05,retrieving REDSVD components
13:44:09,9.3e-06,triming REDSVD components to 5elements
13:44:09,7.1e-06,done REDSVD
13:44:09,1.55e-05,S info: rows = 13: cols = 13: size = 169: nonzeros = 13
13:44:09,5.2e-06,JS
13:44:09,1.15e-05,JS.transpose() * q_mat * JS + lambda * S.transpose() * S
13:44:09,2.94e-05,S info: rows = 13: cols = 13: size = 169: nonzeros = 13
13:44:09,6e-06,commencing SVD factorization of lambda-scaled JtQJ
13:44:09,4.9e-06,starting REDSVD
13:44:09,2.73e-05,retrieving REDSVD components
13:44:09,8.3e-06,triming REDSVD components to 5elements
13:44:09,6.5e-06,done REDSVD
13:44:09,5.5e-06,SVD factorization complete
13:44:09,0.0001054,commencing linear algebra multiplication to compute ugrade
13:44:09,7e-06,S info: rows = 13: cols = 13: size = 169: nonzeros = 13Vt info: rows = 5: cols = 13: size = 65: nonzeros = 65
13:44:09,7.1e-06,U info: rows = 13: cols = 5: size = 65: nonzeros = 65
13:44:09,6.4e-06,jac info: rows = 35: cols = 13: size = 455: nonzeros = 455
13:44:09,2.04e-05,linear algebra multiplication to compute ugrade complete
13:44:09,1.72e-05,commencing check of parameter bounds and gradients
13:44:09,7.9e-06,commencing calculation of upgrade vector
13:44:09,0.0001167,forming JtQJ matrix
13:44:09,2.7e-05,commencing to scale JtQJ matrix- first SVD...
13:44:09,5.3e-06,starting REDSVD
13:44:09,2.77e-05,retrieving REDSVD components
13:44:09,8.9e-06,triming REDSVD components to 5elements
13:44:09,6.8e-06,done REDSVD
13:44:09,1.46e-05,S info: rows = 13: cols = 13: size = 169: nonzeros = 13
13:44:09,4.9e-06,JS
13:44:09,1.14e-05,JS.transpose() * q_mat * JS + lambda * S.transpose() * S
13:44:09,2.82e-05,S info: rows = 13: cols = 13: size = 169: nonzeros = 13
13:44:09,5.2e-06,commencing SVD factorization of lambda-scaled JtQJ
13:44:09,4.9e-06,starting REDSVD
13:44:09,2.73e-05,retrieving REDSVD components
13:44:09,8.2e-06,triming REDSVD components to 5elements
13:44:09,6.4e-06,done REDSVD
13:44:09,5.2e-06,SVD factorization complete
13:44:09,0.0001037,commencing linear algebra multiplication to compute ugrade
13:44:09,6.8e-06,S info: rows = 13: cols = 13: size = 169: nonzeros = 13Vt info: rows = 5: cols = 13: size = 65: nonzeros = 65
13:44:09,6.6e-06,U info: rows = 13: cols = 5: size = 65: nonzeros = 65
13:44:09,6.4e-06,jac info: rows = 35: cols = 13: size = 455: nonzeros = 455
13:44:09,1.98e-05,linear algebra multiplication to compute ugrade complete
13:44:09,1.59e-05,commencing check of parameter bounds
13:44:09,6.5e-06,limiting out of bounds pars
13:44:09,1.43e-05,change limit/bound enforement for lambda 100: lower change limit,EPCO, scaling factor: 0.0909845
13:44:09,5.2e-06,checking for denormal floating point values
13:44:09,6e-06,transforming upgrade pars to model pars
13:44:09,6.2e-06,writing upgrade vector to csv file
13:44:09,0.0001321,beginning upgrade vector calculations, lambda = 1000
13:44:09,6.52e-05,commencing calculation of upgrade vector
13:44:09,0.000125,forming JtQJ matrix
13:44:09,2.75e-05,commencing to scale JtQJ matrix- first SVD...
13:44:09,5.5e-06,starting REDSVD
13:44:09,2.86e-05,retrieving REDSVD components
13:44:09,9e-06,triming REDSVD components to 5elements
13:44:09,7e-06,done REDSVD
13:44:09,1.5e-05,S info: rows = 13: cols = 13: size = 169: nonzeros = 13
13:44:09,5.2e-06,JS
13:44:09,1.15e-05,JS.transpose() * q_mat * JS + lambda * S.transpose() * S
13:44:09,2.84e-05,S info: rows = 13: cols = 13: size = 169: nonzeros = 13
13:44:09,5e-06,commencing SVD factorization of lambda-scaled JtQJ
13:44:09,4.8e-06,starting REDSVD
13:44:09,2.65e-05,retrieving REDSVD components
13:44:09,8.1e-06,triming REDSVD components to 5elements
13:44:09,2.74e-05,done REDSVD
13:44:09,8.2e-06,SVD factorization complete
13:44:09,0.0001177,commencing linear algebra multiplication to compute ugrade
13:44:09,7.6e-06,S info: rows = 13: cols = 13: size = 169: nonzeros = 13Vt info: rows = 5: cols = 13: size = 65: nonzeros = 65
13:44:09,6.7e-06,U info: rows = 13: cols = 5: size = 65: nonzeros = 65
13:44:09,6.4e-06,jac info: rows = 35: cols = 13: size = 455: nonzeros = 455
13:44:09,2.13e-05,linear algebra multiplication to compute ugrade complete
13:44:09,1.74e-05,commencing check of parameter bounds and gradients
13:44:09,8e-06,commencing calculation of upgrade vector
13:44:09,0.0001168,forming JtQJ matrix
13:44:09,2.68e-05,commencing to scale JtQJ matrix- first SVD...
13:44:09,5.3e-06,starting REDSVD
13:44:09,2.84e-05,retrieving REDSVD components
13:44:09,8.9e-06,triming REDSVD components to 5elements
13:44:09,6.9e-06,done REDSVD
13:44:09,1.47e-05,S info: rows = 13: cols = 13: size = 169: nonzeros = 13
13:44:09,5.1e-06,JS
13:44:09,1.16e-05,JS.transpose() * q_mat * JS + lambda * S.transpose() * S
13:44:09,2.89e-05,S info: rows = 13: cols = 13: size = 169: nonzeros = 13
13:44:09,5.1e-06,commencing SVD factorization of lambda-scaled JtQJ
13:44:09,4.7e-06,starting REDSVD
13:44:09,2.64e-05,retrieving REDSVD components
13:44:09,8.2e-06,triming REDSVD components to 5elements
13:44:09,6.5e-06,done REDSVD
13:44:09,5.2e-06,SVD factorization complete
13:44:09,0.0001037,commencing linear algebra multiplication to compute ugrade
13:44:09,6.7e-06,S info: rows = 13: cols = 13: size = 169: nonzeros = 13Vt info: rows = 5: cols = 13: size = 65: nonzeros = 65
13:44:09,6.4e-06,U info: rows = 13: cols = 5: size = 65: nonzeros = 65
13:44:09,6.4e-06,jac info: rows = 35: cols = 13: size = 455: nonzeros = 455
13:44:09,1.98e-05,linear algebra multiplication to compute ugrade complete
13:44:09,1.61e-05,commencing check of parameter bounds
13:44:09,6.4e-06,limiting out of bounds pars
13:44:09,1.43e-05,change limit/bound enforement for lambda 1000: lower change limit,EPCO, scaling factor: 0.170669
13:44:09,5.4e-06,checking for denormal floating point values
13:44:09,6.2e-06,transforming upgrade pars to model pars
13:44:09,6e-06,writing upgrade vector to csv file
13:44:09,0.0004489,LinearAnalysis::glm_iter_fosm
13:44:09,5.14e-05,starting FOSM uncertainty analyses for iteration 3
13:44:09,0.0007356,loading obscov
13:44:09,4.61e-05,loading parcov
13:44:09,2.34e-05,set_predictions
13:44:09,1.59e-05,parameter fosm calcs
13:44:09,5.4e-06,LinearAnalysis::calc_posterior
13:44:09,5.1e-06,LinearAnalysis::align
13:44:09,8.16e-05,LinearAnalysis::prior_prediction_variance()::invert obscov
13:44:09,6.6e-06,inverting diagonal matrix in place
13:44:09,7.4e-06,LinearAnalysis::calc_posterior() form JtQJ
13:44:09,4.42e-05,LinearAnalysis::calc_posterior() invert prior parcov
13:44:09,1.66e-05,LinearAnalysis::calc_posterior() form posterior parcov
13:44:09,9.9e-06,LinearAnalysis::calc_posterior() invert posterior parcov
13:44:09,5.4e-06,inverting non-diagonal matrix in place
13:44:24,15.3599,completed iteration 4
13:44:24,0.0199961,FOSM-based posterior unc calcs
13:44:24,6.16e-05,starting FOSM uncertainty analyses for iteration -999
13:44:24,0.0006562,loading obscov
13:44:24,3.94e-05,loading parcov
13:44:24,2.21e-05,set_predictions
13:44:24,1.52e-05,parameter fosm calcs
13:44:24,5.6e-06,LinearAnalysis::calc_posterior
13:44:24,5.2e-06,LinearAnalysis::align
13:44:24,7.67e-05,LinearAnalysis::prior_prediction_variance()::invert obscov
13:44:24,6.4e-06,inverting diagonal matrix in place
13:44:24,7.1e-06,LinearAnalysis::calc_posterior() form JtQJ
13:44:24,4.86e-05,LinearAnalysis::calc_posterior() invert prior parcov
13:44:24,1.69e-05,LinearAnalysis::calc_posterior() form posterior parcov
13:44:24,1.06e-05,LinearAnalysis::calc_posterior() invert posterior parcov
13:44:24,5.2e-06,inverting non-diagonal matrix in place
